3 readtec : file=D:\vscode\rtklib-v1\rtklib-v1\new data\igsg0100.19i
3 expath  : path=D:\vscode\rtklib-v1\rtklib-v1\new data\igsg0100.19i nmax=1024
3 expath  : file=D:\vscode\rtklib-v1\rtklib-v1\new data\igsg0100.19i
3 readionexh:
3 readionexdcb:
3 readionexb:
3 addtec  :
3 addtec  :
3 addtec  :
3 addtec  :
3 addtec  :
3 addtec  :
3 addtec  :
3 addtec  :
3 addtec  :
3 addtec  :
3 addtec  :
3 addtec  :
3 addtec  :
3 combtec : nav->nt=13
3 readobsnav: ts=1970/01/01 00:00:00 n=5
3 readrnxt: file=D:\vscode\rtklib-v1\rtklib-v1\new data\bjfs0100.19n rcv=1
3 expath  : path=D:\vscode\rtklib-v1\rtklib-v1\new data\bjfs0100.19n nmax=1024
3 expath  : file=D:\vscode\rtklib-v1\rtklib-v1\new data\bjfs0100.19n
3 readrnxfile: file=D:\vscode\rtklib-v1\rtklib-v1\new data\bjfs0100.19n flag=0 index=1
3 rtk_uncompress: file=D:\vscode\rtklib-v1\rtklib-v1\new data\bjfs0100.19n
3 rtk_uncompress: stat=0
3 readrnxfp: flag=0 index=1
3 readrnxh:
3 readrnxnav: ver=2.10 sys=1
3 readrnxt: file=D:\vscode\rtklib-v1\rtklib-v1\new data\bjfs0100.19o rcv=1
3 expath  : path=D:\vscode\rtklib-v1\rtklib-v1\new data\bjfs0100.19o nmax=1024
3 expath  : file=D:\vscode\rtklib-v1\rtklib-v1\new data\bjfs0100.19o
3 readrnxfile: file=D:\vscode\rtklib-v1\rtklib-v1\new data\bjfs0100.19o flag=0 index=1
3 rtk_uncompress: file=D:\vscode\rtklib-v1\rtklib-v1\new data\bjfs0100.19o
3 rtk_uncompress: stat=0
3 readrnxfp: flag=0 index=1
3 readrnxh:
3 convcode: ver=2.11 sys= 1 type= L1 -> L1C
3 convcode: ver=2.11 sys= 4 type= L1 -> L1C
3 convcode: ver=2.11 sys= 8 type= L1 -> L1X
3 convcode: ver=2.11 sys=16 type= L1 -> L1C
3 convcode: ver=2.11 sys= 2 type= L1 -> L1C
3 convcode: ver=2.11 sys=32 type= L1 ->    
3 convcode: ver=2.11 sys= 1 type= L2 -> L2W
3 convcode: ver=2.11 sys= 4 type= L2 -> L2P
3 convcode: ver=2.11 sys= 8 type= L2 ->    
3 convcode: ver=2.11 sys=16 type= L2 -> L2X
3 convcode: ver=2.11 sys= 2 type= L2 ->    
3 convcode: ver=2.11 sys=32 type= L2 -> L2X
3 convcode: ver=2.11 sys= 1 type= C1 -> C1C
3 convcode: ver=2.11 sys= 4 type= C1 -> C1C
3 convcode: ver=2.11 sys= 8 type= C1 -> C1X
3 convcode: ver=2.11 sys=16 type= C1 -> C1C
3 convcode: ver=2.11 sys= 2 type= C1 -> C1C
3 convcode: ver=2.11 sys=32 type= C1 ->    
3 convcode: ver=2.11 sys= 1 type= P1 -> C1W
3 convcode: ver=2.11 sys= 4 type= P1 -> C1P
3 convcode: ver=2.11 sys= 8 type= P1 ->    
3 convcode: ver=2.11 sys=16 type= P1 ->    
3 convcode: ver=2.11 sys= 2 type= P1 ->    
3 convcode: ver=2.11 sys=32 type= P1 ->    
3 convcode: ver=2.11 sys= 1 type= P2 -> C2W
3 convcode: ver=2.11 sys= 4 type= P2 -> C2P
3 convcode: ver=2.11 sys= 8 type= P2 ->    
3 convcode: ver=2.11 sys=16 type= P2 ->    
3 convcode: ver=2.11 sys= 2 type= P2 ->    
3 convcode: ver=2.11 sys=32 type= P2 ->    
3 convcode: ver=2.11 sys= 1 type= S1 -> S1C
3 convcode: ver=2.11 sys= 4 type= S1 -> S1C
3 convcode: ver=2.11 sys= 8 type= S1 -> S1X
3 convcode: ver=2.11 sys=16 type= S1 -> S1C
3 convcode: ver=2.11 sys= 2 type= S1 -> S1C
3 convcode: ver=2.11 sys=32 type= S1 ->    
3 convcode: ver=2.11 sys= 1 type= S2 -> S2W
3 convcode: ver=2.11 sys= 4 type= S2 -> S2P
3 convcode: ver=2.11 sys= 8 type= S2 ->    
3 convcode: ver=2.11 sys=16 type= S2 -> S2X
3 convcode: ver=2.11 sys= 2 type= S2 ->    
3 convcode: ver=2.11 sys=32 type= S2 -> S2X
3 readrnxt: file=D:\vscode\rtklib-v1\rtklib-v1\new data\igs20354.clk rcv=2
3 expath  : path=D:\vscode\rtklib-v1\rtklib-v1\new data\igs20354.clk nmax=1024
3 expath  : file=D:\vscode\rtklib-v1\rtklib-v1\new data\igs20354.clk
3 readrnxfile: file=D:\vscode\rtklib-v1\rtklib-v1\new data\igs20354.clk flag=0 index=2
3 rtk_uncompress: file=D:\vscode\rtklib-v1\rtklib-v1\new data\igs20354.clk
3 rtk_uncompress: stat=0
3 readrnxfp: flag=0 index=2
3 readrnxh:
3 readrnxt: file=D:\vscode\rtklib-v1\rtklib-v1\new data\igs20354.sp3 rcv=2
3 expath  : path=D:\vscode\rtklib-v1\rtklib-v1\new data\igs20354.sp3 nmax=1024
3 expath  : file=D:\vscode\rtklib-v1\rtklib-v1\new data\igs20354.sp3
3 readrnxfile: file=D:\vscode\rtklib-v1\rtklib-v1\new data\igs20354.sp3 flag=0 index=2
3 rtk_uncompress: file=D:\vscode\rtklib-v1\rtklib-v1\new data\igs20354.sp3
3 rtk_uncompress: stat=0
3 readrnxfp: flag=0 index=2
3 readrnxh:
3 readrnxt: file=D:\vscode\rtklib-v1\rtklib-v1\new data\igsg0100.19i rcv=2
3 expath  : path=D:\vscode\rtklib-v1\rtklib-v1\new data\igsg0100.19i nmax=1024
3 expath  : file=D:\vscode\rtklib-v1\rtklib-v1\new data\igsg0100.19i
3 readrnxfile: file=D:\vscode\rtklib-v1\rtklib-v1\new data\igsg0100.19i flag=0 index=2
3 rtk_uncompress: file=D:\vscode\rtklib-v1\rtklib-v1\new data\igsg0100.19i
3 rtk_uncompress: stat=0
3 readrnxfp: flag=0 index=2
3 readrnxh:
2 unsupported rinex type ver=2.10 type= 
3 sortobs: nobs=8795
3 uniqnav: neph=179 ngeph=0 nseph=0
3 uniqeph: n=179
3 uniqgeph: ng=0
3 uniqseph: ns=0
3 searchpcv: sat= 1 type=
3 no satellite antenna pcv: G01
3 searchpcv: sat= 2 type=
3 no satellite antenna pcv: G02
3 searchpcv: sat= 3 type=
3 no satellite antenna pcv: G03
3 searchpcv: sat= 4 type=
3 no satellite antenna pcv: G04
3 searchpcv: sat= 5 type=
3 no satellite antenna pcv: G05
3 searchpcv: sat= 6 type=
3 no satellite antenna pcv: G06
3 searchpcv: sat= 7 type=
3 no satellite antenna pcv: G07
3 searchpcv: sat= 8 type=
3 no satellite antenna pcv: G08
3 searchpcv: sat= 9 type=
3 no satellite antenna pcv: G09
3 searchpcv: sat=10 type=
3 no satellite antenna pcv: G10
3 searchpcv: sat=11 type=
3 no satellite antenna pcv: G11
3 searchpcv: sat=12 type=
3 no satellite antenna pcv: G12
3 searchpcv: sat=13 type=
3 no satellite antenna pcv: G13
3 searchpcv: sat=14 type=
3 no satellite antenna pcv: G14
3 searchpcv: sat=15 type=
3 no satellite antenna pcv: G15
3 searchpcv: sat=16 type=
3 no satellite antenna pcv: G16
3 searchpcv: sat=17 type=
3 no satellite antenna pcv: G17
3 searchpcv: sat=18 type=
3 no satellite antenna pcv: G18
3 searchpcv: sat=19 type=
3 no satellite antenna pcv: G19
3 searchpcv: sat=20 type=
3 no satellite antenna pcv: G20
3 searchpcv: sat=21 type=
3 no satellite antenna pcv: G21
3 searchpcv: sat=22 type=
3 no satellite antenna pcv: G22
3 searchpcv: sat=23 type=
3 no satellite antenna pcv: G23
3 searchpcv: sat=24 type=
3 no satellite antenna pcv: G24
3 searchpcv: sat=25 type=
3 no satellite antenna pcv: G25
3 searchpcv: sat=26 type=
3 no satellite antenna pcv: G26
3 searchpcv: sat=27 type=
3 no satellite antenna pcv: G27
3 searchpcv: sat=28 type=
3 no satellite antenna pcv: G28
3 searchpcv: sat=29 type=
3 no satellite antenna pcv: G29
3 searchpcv: sat=30 type=
3 no satellite antenna pcv: G30
3 searchpcv: sat=31 type=
3 no satellite antenna pcv: G31
3 searchpcv: sat=32 type=
3 no satellite antenna pcv: G32
3 searchpcv: sat= 0 type=
2 no receiver antenna pcv: 
3 rtkclosestat:
3 rtkopenstat: file=ppptec.pos.stat level=2
3 outhead: outfile=ppptec.pos n=5
3     0.596: createdir: path=ppptec.pos
3 outheader: n=5
3 outprcopt:
3 outprcopts:
3 outsolhead:
3 outsolheads:
3 openfile: outfile=ppptec.pos
3 procpos : mode=0
3 rtkinit :
3 infunc  : revs=0 iobsu=0 iobsr=0 isbs=0
3 rtkpos  : time=2019/01/10 00:00:00.000 n=7
3 pntpos  : tobs=2019/01/10 00:00:00.000 n=7
3 satposs : teph=2019/01/10 00:00:00.000 n=7 ephopt=1
3 no prec ephem 2019/01/10 00:00:00 sat= 2
3 no ephemeris 2019/01/09 23:59:59.925 sat= 2
3 no prec ephem 2019/01/10 00:00:00 sat= 5
3 no ephemeris 2019/01/09 23:59:59.929 sat= 5
3 no prec ephem 2019/01/10 00:00:00 sat=13
3 no ephemeris 2019/01/09 23:59:59.933 sat=13
3 no prec ephem 2019/01/10 00:00:00 sat=15
3 no ephemeris 2019/01/09 23:59:59.931 sat=15
3 no prec ephem 2019/01/10 00:00:00 sat=21
3 no ephemeris 2019/01/09 23:59:59.921 sat=21
3 no prec ephem 2019/01/10 00:00:00 sat=29
3 no ephemeris 2019/01/09 23:59:59.927 sat=29
3 no prec ephem 2019/01/10 00:00:00 sat=30
3 no ephemeris 2019/01/09 23:59:59.921 sat=30
3 estpos  : n=7
3 resprng : n=7
2 00:00:00.00: point pos error (lack of valid sats ns=5)
3 infunc  : revs=0 iobsu=15 iobsr=8795 isbs=0
3 rtkpos  : time=2019/01/10 00:00:30.000 n=7
3 pntpos  : tobs=2019/01/10 00:00:30.000 n=7
3 satposs : teph=2019/01/10 00:00:30.000 n=7 ephopt=1
3 estpos  : n=7
3 resprng : n=7
3 resprng : n=7
3 resprng : n=7
3 resprng : n=7
3 resprng : n=7
3 resprng : n=7
3 valsol  : n=7 nv=11
3 estvel  : n=7
3 resdop  : n=7
3 pppos   : time=2019/01/10 00:00:30.00 nx=201 n=7
3 udstate_ppp: n=7
3 udpos_ppp:
3 udclk_ppp:
3 udbias  : n=7
3 detslp_ll: n=7
3 detslp_gf: n=7
3 detslp_mw: n=7
3 satposs : teph=2019/01/10 00:00:30.000 n=7 ephopt=1
3 iontec  : time=2019/01/10 00:00:30 pos=39.6 115.9 azel=138.8 30.1
3 iondelay: time=2019/01/10 00:00:30 pos=39.6 115.9 azel=138.8 30.1
3 interptec: k=0 posp=35.00 120.82
3 iondelay: time=2019/01/10 00:00:30 pos=39.6 115.9 azel=138.8 30.1
3 interptec: k=0 posp=35.00 90.82
3 iontec  : delay= 2.18 std= 0.25
