d:\mycode\vscode\rtklib\rtklib\debug\vc141.pdb
d:\mycode\vscode\rtklib\rtklib\debug\vc141.idb
d:\mycode\vscode\rtklib\rtklib\debug\rtcm.obj
d:\mycode\vscode\rtklib\rtklib\debug\javad.obj
d:\mycode\vscode\rtklib\rtklib\debug\main.obj
d:\mycode\vscode\rtklib\rtklib\debug\crescent.obj
d:\mycode\vscode\rtklib\rtklib\debug\binex.obj
d:\mycode\vscode\rtklib\rtklib\debug\preceph.obj
d:\mycode\vscode\rtklib\rtklib\debug\ppp_ar.obj
d:\mycode\vscode\rtklib\rtklib\debug\ppp.obj
d:\mycode\vscode\rtklib\rtklib\debug\postpos.obj
d:\mycode\vscode\rtklib\rtklib\debug\pntpos.obj
d:\mycode\vscode\rtklib\rtklib\debug\options.obj
d:\mycode\vscode\rtklib\rtklib\debug\lambda.obj
d:\mycode\vscode\rtklib\rtklib\debug\ionex.obj
d:\mycode\vscode\rtklib\rtklib\debug\gis.obj
d:\mycode\vscode\rtklib\rtklib\debug\geoid.obj
d:\mycode\vscode\rtklib\rtklib\debug\ephemeris.obj
d:\mycode\vscode\rtklib\rtklib\debug\download.obj
d:\mycode\vscode\rtklib\rtklib\debug\datum.obj
d:\mycode\vscode\rtklib\rtklib\debug\convrnx.obj
d:\mycode\vscode\rtklib\rtklib\debug\convkml.obj
d:\mycode\vscode\rtklib\rtklib\debug\convgpx.obj
d:\mycode\vscode\rtklib\rtklib\debug\streamsvr.obj
d:\mycode\vscode\rtklib\rtklib\debug\stream.obj
d:\mycode\vscode\rtklib\rtklib\debug\solution.obj
d:\mycode\vscode\rtklib\rtklib\debug\sbas.obj
d:\mycode\vscode\rtklib\rtklib\debug\rtksvr.obj
d:\mycode\vscode\rtklib\rtklib\debug\rtkpos.obj
d:\mycode\vscode\rtklib\rtklib\debug\rtkcmn.obj
d:\mycode\vscode\rtklib\rtklib\debug\rtcm3e.obj
d:\mycode\vscode\rtklib\rtklib\debug\rtcm3.obj
d:\mycode\vscode\rtklib\rtklib\debug\rtcm2.obj
d:\mycode\vscode\rtklib\rtklib\debug\rinex.obj
d:\mycode\vscode\rtklib\rtklib\debug\rcvraw.obj
d:\mycode\vscode\rtklib\rtklib\debug\ublox.obj
d:\mycode\vscode\rtklib\rtklib\debug\ss2.obj
d:\mycode\vscode\rtklib\rtklib\debug\skytraq.obj
d:\mycode\vscode\rtklib\rtklib\debug\septentrio.obj
d:\mycode\vscode\rtklib\rtklib\debug\rt17.obj
d:\mycode\vscode\rtklib\rtklib\debug\nvs.obj
d:\mycode\vscode\rtklib\rtklib\debug\novatel.obj
d:\mycode\vscode\rtklib\rtklib\debug\tle.obj
d:\mycode\vscode\rtklib\rtklib\debug\tides.obj
d:\mycode\vscode\rtklib\rtklib\debug\process.obj
d:\mycode\vscode\rtklib\debug\rtklib.lib
d:\mycode\vscode\rtklib\debug\rtklib.exp
d:\mycode\vscode\rtklib\rtklib\debug\rtklib.obj
d:\mycode\vscode\rtklib\rtklib\debug\pntpos.obj.enc
d:\mycode\vscode\rtklib\rtklib\debug\postpos.obj.enc
d:\mycode\vscode\rtklib\rtklib\debug\ppp.obj.enc
d:\mycode\vscode\rtklib\debug\rtklib.pdb
d:\mycode\vscode\rtklib\rtklib\debug\rtklib.tlog\cl.command.1.tlog
d:\mycode\vscode\rtklib\rtklib\debug\rtklib.tlog\cl.read.1.tlog
d:\mycode\vscode\rtklib\rtklib\debug\rtklib.tlog\cl.write.1.tlog
d:\mycode\vscode\rtklib\rtklib\debug\rtklib.tlog\link-cvtres.read.1.tlog
d:\mycode\vscode\rtklib\rtklib\debug\rtklib.tlog\link-cvtres.write.1.tlog
d:\mycode\vscode\rtklib\rtklib\debug\rtklib.tlog\link-rc.read.1.tlog
d:\mycode\vscode\rtklib\rtklib\debug\rtklib.tlog\link-rc.write.1.tlog
d:\mycode\vscode\rtklib\rtklib\debug\rtklib.tlog\link.24612-cvtres.read.1.tlog
d:\mycode\vscode\rtklib\rtklib\debug\rtklib.tlog\link.24612-cvtres.write.1.tlog
d:\mycode\vscode\rtklib\rtklib\debug\rtklib.tlog\link.24612-rc.read.1.tlog
d:\mycode\vscode\rtklib\rtklib\debug\rtklib.tlog\link.24612-rc.write.1.tlog
d:\mycode\vscode\rtklib\rtklib\debug\rtklib.tlog\link.24612.read.1.tlog
d:\mycode\vscode\rtklib\rtklib\debug\rtklib.tlog\link.24612.write.1.tlog
d:\mycode\vscode\rtklib\rtklib\debug\rtklib.tlog\link.command.1.tlog
d:\mycode\vscode\rtklib\rtklib\debug\rtklib.tlog\link.delete.1.tlog
d:\mycode\vscode\rtklib\rtklib\debug\rtklib.tlog\link.read.1.tlog
d:\mycode\vscode\rtklib\rtklib\debug\rtklib.tlog\link.write.1.tlog
d:\mycode\vscode\rtklib\rtklib\debug\rtklib.tlog\rtklib.write.1u.tlog
