3 readrnxt: file=D:\mycode\vscode\rtklib\rtklib\leo_data\leo.nav rcv=1
3 expath  : path=D:\mycode\vscode\rtklib\rtklib\leo_data\leo.nav nmax=1024
3 readrnxfile: file=D:\mycode\vscode\rtklib\rtklib\leo_data\leo.nav flag=0 index=1
3 rtk_uncompress: file=D:\mycode\vscode\rtklib\rtklib\leo_data\leo.nav
3 rtk_uncompress: stat=0
3 readrnxfp: flag=0 index=1
3 readrnxh:
4 decode_navh:
3 readrnxnav: ver=3.02 sys=0
4 readrnxnavb: ver=3.02 sys=0
4 decode_eph: ver=3.02 sat= 8
4 readrnxnavb: ver=3.02 sys=0
4 decode_eph: ver=3.02 sat= 9
4 readrnxnavb: ver=3.02 sys=0
4 decode_eph: ver=3.02 sat=10
4 readrnxnavb: ver=3.02 sys=0
4 decode_eph: ver=3.02 sat=11
4 readrnxnavb: ver=3.02 sys=0
4 decode_eph: ver=3.02 sat=12
4 readrnxnavb: ver=3.02 sys=0
4 decode_eph: ver=3.02 sat=13
4 readrnxnavb: ver=3.02 sys=0
4 decode_eph: ver=3.02 sat=14
4 readrnxnavb: ver=3.02 sys=0
4 decode_eph: ver=3.02 sat=15
4 readrnxnavb: ver=3.02 sys=0
3 readrnxt: file=D:\mycode\vscode\rtklib\rtklib\leo_data\leoerror.obs rcv=1
3 expath  : path=D:\mycode\vscode\rtklib\rtklib\leo_data\leoerror.obs nmax=1024
3 readrnxfile: file=D:\mycode\vscode\rtklib\rtklib\leo_data\leoerror.obs flag=0 index=1
3 rtk_uncompress: file=D:\mycode\vscode\rtklib\rtklib\leo_data\leoerror.obs
3 rtk_uncompress: stat=0
3 readrnxfp: flag=0 index=1
3 readrnxh:
4 decode_obsh: ver=3.02
4 decode_obsh: ver=3.02
4 decode_obsh: ver=3.02
4 decode_obsh: ver=3.02
4 decode_obsh: ver=3.02
4 decode_obsh: ver=3.02
4 decode_obsh: ver=3.02
4 decode_obsh: ver=3.02
4 decode_obsh: ver=3.02
4 decode_obsh: ver=3.02
4 decode_obsh: ver=3.02
4 decode_obsh: ver=3.02
4 readrnxobs: rcv=1 ver=3.02 tsys=35236896
4 decode_obsepoch: ver=3.02
4 decode_obsepoch: ver=3.02
4 decode_obsh: ver=3.02
4 decode_obsh: ver=3.02
4 decode_obsh: ver=3.02
4 decode_obsepoch: ver=3.02
2 rinex obs invalid epoch: epoch=D1348     9471335.392    4977
4 decode_obsepoch: ver=3.02
2 rinex obs invalid epoch: epoch=D1642     7876786.914    4139
4 decode_obsepoch: ver=3.02
4 decode_obsh: ver=3.02
4 decode_obsh: ver=3.02
4 decode_obsh: ver=3.02
4 decode_obsh: ver=3.02
4 decode_obsh: ver=3.02
4 decode_obsh: ver=3.02
4 decode_obsh: ver=3.02
4 decode_obsh: ver=3.02
4 decode_obsepoch: ver=3.02
4 decode_obsepoch: ver=3.02
2 rinex obs invalid epoch: epoch=D0524    11027512.876    5794
4 decode_obsepoch: ver=3.02
4 decode_obsepoch: ver=3.02
4 decode_obsepoch: ver=3.02
2 rinex obs invalid epoch: epoch=D0524    11031403.459    5797
4 decode_obsepoch: ver=3.02
2 rinex obs invalid epoch: epoch=D0717     8418683.510    4424
4 decode_obsepoch: ver=3.02
2 rinex obs invalid epoch: epoch=D0815    10324152.120    5425
4 decode_obsepoch: ver=3.02
4 decode_obsh: ver=3.02
4 decode_obsh: ver=3.02
4 decode_obsh: ver=3.02
4 decode_obsh: ver=3.02
4 decode_obsh: ver=3.02
4 decode_obsh: ver=3.02
4 decode_obsh: ver=3.02
4 decode_obsepoch: ver=3.02
2 rinex obs invalid epoch: epoch=D0948     7763421.568    4079
4 decode_obsepoch: ver=3.02
2 rinex obs invalid epoch: epoch=D1348     9490898.948    4987
4 decode_obsepoch: ver=3.02
2 rinex obs invalid epoch: epoch=D1642     7899322.776    4151
4 decode_obsepoch: ver=3.02
4 decode_obsh: ver=3.02
4 decode_obsh: ver=3.02
4 decode_obsh: ver=3.02
4 decode_obsepoch: ver=3.02
2 rinex obs invalid epoch: epoch=D0815    10332950.117    5430
4 decode_obsepoch: ver=3.02
2 rinex obs invalid epoch: epoch=D0948     7769104.616    4082
4 decode_obsepoch: ver=3.02
4 decode_obsepoch: ver=3.02
2 rinex obs invalid epoch: epoch=D1709    11583427.252    6087
4 decode_obsepoch: ver=3.02
4 decode_obsepoch: ver=3.02
4 decode_obsh: ver=3.02
4 decode_obsepoch: ver=3.02
2 rinex obs invalid epoch: epoch=D0815    10337344.572    5432
4 decode_obsepoch: ver=3.02
4 decode_obsepoch: ver=3.02
2 rinex obs invalid epoch: epoch=D1642     7916198.005    4159
4 decode_obsepoch: ver=3.02
2 rinex obs invalid epoch: epoch=D1709    11590225.832    6090
4 decode_obsepoch: ver=3.02
4 decode_obsepoch: ver=3.02
4 decode_obsepoch: ver=3.02
2 rinex obs invalid epoch: epoch=D0815    10350509.396    5439
4 decode_obsepoch: ver=3.02
4 decode_obsepoch: ver=3.02
2 rinex obs invalid epoch: epoch=D0948     7797491.778    4097
4 decode_obsepoch: ver=3.02
4 decode_obsepoch: ver=3.02
2 rinex obs invalid epoch: epoch=D1642     7933058.657    4168
4 decode_obsepoch: ver=3.02
4 decode_obsepoch: ver=3.02
4 decode_obsepoch: ver=3.02
4 decode_obsh: ver=3.02
4 decode_obsh: ver=3.02
4 decode_obsh: ver=3.02
4 decode_obsh: ver=3.02
4 decode_obsepoch: ver=3.02
2 rinex obs invalid epoch: epoch=D1642     7938674.619    4171
4 decode_obsepoch: ver=3.02
4 decode_obsh: ver=3.02
4 decode_obsh: ver=3.02
4 decode_obsh: ver=3.02
4 decode_obsh: ver=3.02
4 decode_obsepoch: ver=3.02
2 rinex obs invalid epoch: epoch=D0948     7808834.421    4103
4 decode_obsepoch: ver=3.02
4 decode_obsh: ver=3.02
4 decode_obsh: ver=3.02
4 decode_obsh: ver=3.02
4 decode_obsh: ver=3.02
4 decode_obsh: ver=3.02
4 decode_obsh: ver=3.02
4 decode_obsh: ver=3.02
4 decode_obsepoch: ver=3.02
2 rinex obs invalid epoch: epoch=D1348     9534767.750    5010
4 decode_obsepoch: ver=3.02
4 decode_obsepoch: ver=3.02
4 decode_obsepoch: ver=3.02
2 rinex obs invalid epoch: epoch=D0524    11073987.087    5819
4 decode_obsepoch: ver=3.02
4 decode_obsh: ver=3.02
4 decode_obsepoch: ver=3.02
2 rinex obs invalid epoch: epoch=D0948     7820166.641    4109
4 decode_obsepoch: ver=3.02
4 decode_obsepoch: ver=3.02
2 rinex obs invalid epoch: epoch=D0948     7825829.035    4112
4 decode_obsepoch: ver=3.02
2 rinex obs invalid epoch: epoch=D1348     9544487.063    5015
4 decode_obsepoch: ver=3.02
2 rinex obs invalid epoch: epoch=D1642     7961112.884    4183
4 decode_obsepoch: ver=3.02
2 rinex obs invalid epoch: epoch=D1709    11617273.779    6104
4 decode_obsepoch: ver=3.02
4 decode_obsepoch: ver=3.02
4 decode_obsepoch: ver=3.02
4 decode_obsh: ver=3.02
4 decode_obsh: ver=3.02
4 decode_obsh: ver=3.02
4 decode_obsh: ver=3.02
4 decode_obsh: ver=3.02
4 decode_obsh: ver=3.02
4 decode_obsh: ver=3.02
4 decode_obsepoch: ver=3.02
2 rinex obs invalid epoch: epoch=D0717     8494388.760    4463
4 decode_obsepoch: ver=3.02
2 rinex obs invalid epoch: epoch=D0815    10385490.961    5457
4 decode_obsepoch: ver=3.02
2 rinex obs invalid epoch: epoch=D0948     7837148.593    4118
4 decode_obsepoch: ver=3.02
4 decode_obsepoch: ver=3.02
2 rinex obs invalid epoch: epoch=D1642     7972318.177    4189
4 decode_obsepoch: ver=3.02
4 decode_obsh: ver=3.02
4 decode_obsh: ver=3.02
4 decode_obsh: ver=3.02
4 decode_obsh: ver=3.02
4 decode_obsh: ver=3.02
4 decode_obsh: ver=3.02
4 decode_obsh: ver=3.02
4 decode_obsh: ver=3.02
4 decode_obsepoch: ver=3.02
4 decode_obsepoch: ver=3.02
4 decode_obsh: ver=3.02
4 decode_obsh: ver=3.02
4 decode_obsh: ver=3.02
4 decode_obsepoch: ver=3.02
4 decode_obsepoch: ver=3.02
4 decode_obsepoch: ver=3.02
4 decode_obsh: ver=3.02
4 decode_obsh: ver=3.02
4 decode_obsh: ver=3.02
4 decode_obsh: ver=3.02
4 decode_obsh: ver=3.02
4 decode_obsh: ver=3.02
4 decode_obsepoch: ver=3.02
2 rinex obs invalid epoch: epoch=D1642     7989111.848    4198
4 decode_obsepoch: ver=3.02
2 rinex obs invalid epoch: epoch=D1709    11634076.722    6113
4 decode_obsepoch: ver=3.02
4 decode_obsepoch: ver=3.02
4 decode_obsepoch: ver=3.02
2 rinex obs invalid epoch: epoch=D0717     8515934.392    4475
4 decode_obsepoch: ver=3.02
4 decode_obsepoch: ver=3.02
4 decode_obsepoch: ver=3.02
2 rinex obs invalid epoch: epoch=D0815    10407262.123    5469
4 decode_obsepoch: ver=3.02
4 decode_obsepoch: ver=3.02
2 rinex obs invalid epoch: epoch=D1348     9578420.531    5033
4 decode_obsepoch: ver=3.02
2 rinex obs invalid epoch: epoch=D1642     8000294.403    4204
4 decode_obsepoch: ver=3.02
2 rinex obs invalid epoch: epoch=D1709    11640776.442    6117
4 decode_obsepoch: ver=3.02
4 decode_obsepoch: ver=3.02
2 rinex obs invalid epoch: epoch=D0524    11108548.215    5837
4 decode_obsepoch: ver=3.02
2 rinex obs invalid epoch: epoch=D0717     8526692.932    4480
4 decode_obsepoch: ver=3.02
4 decode_obsh: ver=3.02
4 decode_obsh: ver=3.02
4 decode_obsh: ver=3.02
4 decode_obsh: ver=3.02
4 decode_obsh: ver=3.02
4 decode_obsh: ver=3.02
4 decode_obsh: ver=3.02
4 decode_obsepoch: ver=3.02
4 decode_obsepoch: ver=3.02
2 rinex obs invalid epoch: epoch=D1709    11647460.682    6120
4 decode_obsepoch: ver=3.02
4 decode_obsepoch: ver=3.02
2 rinex obs invalid epoch: epoch=D0524    11116194.003    5841
4 decode_obsepoch: ver=3.02
2 rinex obs invalid epoch: epoch=D0717     8537439.694    4486
4 decode_obsepoch: ver=3.02
4 decode_obsepoch: ver=3.02
4 decode_obsepoch: ver=3.02
2 rinex obs invalid epoch: epoch=D1642     8022636.109    4215
4 decode_obsepoch: ver=3.02
2 rinex obs invalid epoch: epoch=D1709    11654133.861    6124
4 decode_obsepoch: ver=3.02
4 decode_obsepoch: ver=3.02
2 rinex obs invalid epoch: epoch=D0524    11123830.999    5845
4 decode_obsepoch: ver=3.02
4 decode_obsh: ver=3.02
4 decode_obsh: ver=3.02
4 decode_obsh: ver=3.02
4 decode_obsh: ver=3.02
4 decode_obsepoch: ver=3.02
2 rinex obs invalid epoch: epoch=D1709    11657464.849    6126
4 decode_obsepoch: ver=3.02
4 decode_obsepoch: ver=3.02
4 decode_obsh: ver=3.02
4 decode_obsh: ver=3.02
4 decode_obsh: ver=3.02
4 decode_obsepoch: ver=3.02
4 decode_obsepoch: ver=3.02
4 decode_obsh: ver=3.02
4 decode_obsh: ver=3.02
4 decode_obsh: ver=3.02
4 decode_obsh: ver=3.02
4 decode_obsh: ver=3.02
4 decode_obsh: ver=3.02
4 decode_obsh: ver=3.02
4 decode_obsh: ver=3.02
4 decode_obsepoch: ver=3.02
4 decode_obsepoch: ver=3.02
4 decode_obsepoch: ver=3.02
4 decode_obsh: ver=3.02
4 decode_obsh: ver=3.02
4 decode_obsh: ver=3.02
4 decode_obsh: ver=3.02
4 decode_obsh: ver=3.02
4 decode_obsh: ver=3.02
4 decode_obsh: ver=3.02
4 decode_obsh: ver=3.02
4 decode_obsepoch: ver=3.02
2 rinex obs invalid epoch: epoch=D0717     8569625.748    4503
4 decode_obsepoch: ver=3.02
2 rinex obs invalid epoch: epoch=D0815    10446263.305    5489
4 decode_obsepoch: ver=3.02
2 rinex obs invalid epoch: epoch=D0948     7916139.744    4159
4 decode_obsepoch: ver=3.02
2 rinex obs invalid epoch: epoch=D1348     9621860.188    5056
4 decode_obsepoch: ver=3.02
2 rinex obs invalid epoch: epoch=D1642     8050515.855    4230
4 decode_obsepoch: ver=3.02
2 rinex obs invalid epoch: epoch=D1709    11670757.185    6133
4 decode_obsepoch: ver=3.02
4 decode_obsepoch: ver=3.02
2 rinex obs invalid epoch: epoch=D0524    11142860.091    5855
4 decode_obsepoch: ver=3.02
2 rinex obs invalid epoch: epoch=D0717     8574984.741    4506
4 decode_obsepoch: ver=3.02
4 decode_obsepoch: ver=3.02
2 rinex obs invalid epoch: epoch=D1348     9626672.582    5058
4 decode_obsepoch: ver=3.02
2 rinex obs invalid epoch: epoch=D1642     8056084.815    4233
4 decode_obsepoch: ver=3.02
4 decode_obsepoch: ver=3.02
2 rinex obs invalid epoch: epoch=D0524    11146656.686    5857
4 decode_obsepoch: ver=3.02
4 decode_obsepoch: ver=3.02
4 decode_obsepoch: ver=3.02
4 decode_obsepoch: ver=3.02
2 rinex obs invalid epoch: epoch=D0717     8585688.806    4511
4 decode_obsepoch: ver=3.02
2 rinex obs invalid epoch: epoch=D0815    10459212.446    5496
4 decode_obsepoch: ver=3.02
4 decode_obsh: ver=3.02
4 decode_obsepoch: ver=3.02
2 rinex obs invalid epoch: epoch=D1642     8067215.716    4239
4 decode_obsepoch: ver=3.02
4 decode_obsh: ver=3.02
4 decode_obsh: ver=3.02
4 decode_obsh: ver=3.02
4 decode_obsh: ver=3.02
4 decode_obsh: ver=3.02
4 decode_obsepoch: ver=3.02
4 decode_obsepoch: ver=3.02
4 decode_obsepoch: ver=3.02
2 rinex obs invalid epoch: epoch=D1709    11683996.118    6139
4 decode_obsepoch: ver=3.02
4 decode_obsepoch: ver=3.02
2 rinex obs invalid epoch: epoch=D0524    11158030.090    5863
4 decode_obsepoch: ver=3.02
2 rinex obs invalid epoch: epoch=D0717     8596385.724    4517
4 decode_obsepoch: ver=3.02
2 rinex obs invalid epoch: epoch=D0815    10467830.076    5500
4 decode_obsepoch: ver=3.02
2 rinex obs invalid epoch: epoch=D0948     7944250.189    4174
4 decode_obsepoch: ver=3.02
2 rinex obs invalid epoch: epoch=D1348     9645898.529    5068
4 decode_obsepoch: ver=3.02
2 rinex obs invalid epoch: epoch=D1642     8078338.438    4245
4 decode_obsepoch: ver=3.02
4 decode_obsepoch: ver=3.02
2 rinex obs invalid epoch: epoch=D0524    11165593.627    5867
4 decode_obsepoch: ver=3.02
2 rinex obs invalid epoch: epoch=D0717     8607073.401    4523
4 decode_obsepoch: ver=3.02
2 rinex obs invalid epoch: epoch=D0815    10476433.004    5505
4 decode_obsepoch: ver=3.02
2 rinex obs invalid epoch: epoch=D0948     7955478.383    4180
4 decode_obsepoch: ver=3.02
4 decode_obsepoch: ver=3.02
2 rinex obs invalid epoch: epoch=D1642     8089453.258    4251
4 decode_obsepoch: ver=3.02
2 rinex obs invalid epoch: epoch=D1709    11693896.195    6145
4 decode_obsepoch: ver=3.02
4 decode_obsepoch: ver=3.02
2 rinex obs invalid epoch: epoch=D0524    11169372.985    5869
4 decode_obsepoch: ver=3.02
2 rinex obs invalid epoch: epoch=D0717     8612412.257    4525
4 decode_obsepoch: ver=3.02
2 rinex obs invalid epoch: epoch=D0815    10480734.314    5507
4 decode_obsepoch: ver=3.02
2 rinex obs invalid epoch: epoch=D0948     7961089.044    4183
4 decode_obsepoch: ver=3.02
4 decode_obsh: ver=3.02
4 decode_obsh: ver=3.02
4 decode_obsh: ver=3.02
4 decode_obsh: ver=3.02
4 decode_obsh: ver=3.02
4 decode_obsh: ver=3.02
4 decode_obsh: ver=3.02
4 decode_obsepoch: ver=3.02
4 decode_obsh: ver=3.02
4 decode_obsh: ver=3.02
4 decode_obsh: ver=3.02
4 decode_obsh: ver=3.02
4 decode_obsh: ver=3.02
4 decode_obsh: ver=3.02
4 decode_obsh: ver=3.02
4 decode_obsh: ver=3.02
4 decode_obsepoch: ver=3.02
4 decode_obsh: ver=3.02
4 decode_obsh: ver=3.02
4 decode_obsh: ver=3.02
4 decode_obsh: ver=3.02
4 decode_obsh: ver=3.02
4 decode_obsepoch: ver=3.02
4 decode_obsepoch: ver=3.02
2 rinex obs invalid epoch: epoch=D0524    11184455.366    5877
4 decode_obsepoch: ver=3.02
2 rinex obs invalid epoch: epoch=D0717     8633744.806    4537
4 decode_obsepoch: ver=3.02
2 rinex obs invalid epoch: epoch=D0815    10497896.971    5516
4 decode_obsepoch: ver=3.02
4 decode_obsepoch: ver=3.02
2 rinex obs invalid epoch: epoch=D1348     9679443.899    5086
4 decode_obsepoch: ver=3.02
4 decode_obsh: ver=3.02
4 decode_obsh: ver=3.02
4 decode_obsh: ver=3.02
4 decode_obsh: ver=3.02
4 decode_obsh: ver=3.02
4 decode_obsepoch: ver=3.02
2 rinex obs invalid epoch: epoch=D0948     7989110.153    4198
4 decode_obsepoch: ver=3.02
2 rinex obs invalid epoch: epoch=D1348     9684223.129    5089
4 decode_obsepoch: ver=3.02
2 rinex obs invalid epoch: epoch=D1642     8122737.329    4268
4 decode_obsepoch: ver=3.02
4 decode_obsepoch: ver=3.02
4 decode_obsepoch: ver=3.02
2 rinex obs invalid epoch: epoch=D0524    11191977.062    5881
4 decode_obsepoch: ver=3.02
2 rinex obs invalid epoch: epoch=D0717     8644397.819    4542
4 decode_obsepoch: ver=3.02
2 rinex obs invalid epoch: epoch=D0815    10506465.097    5521
4 decode_obsepoch: ver=3.02
4 decode_obsh: ver=3.02
4 decode_obsh: ver=3.02
4 decode_obsepoch: ver=3.02
4 decode_obsepoch: ver=3.02
2 rinex obs invalid epoch: epoch=D0524    11199485.610    5885
4 decode_obsepoch: ver=3.02
4 decode_obsh: ver=3.02
4 decode_obsh: ver=3.02
4 decode_obsh: ver=3.02
4 decode_obsh: ver=3.02
4 decode_obsh: ver=3.02
4 decode_obsepoch: ver=3.02
4 decode_obsepoch: ver=3.02
2 rinex obs invalid epoch: epoch=D0524    11203235.992    5887
4 decode_obsepoch: ver=3.02
4 decode_obsepoch: ver=3.02
4 decode_obsepoch: ver=3.02
2 rinex obs invalid epoch: epoch=D0524    11206982.498    5889
4 decode_obsepoch: ver=3.02
2 rinex obs invalid epoch: epoch=D0717     8665674.290    4553
4 decode_obsepoch: ver=3.02
4 decode_obsepoch: ver=3.02
2 rinex obs invalid epoch: epoch=D0948     8017074.623    4212
4 decode_obsepoch: ver=3.02
2 rinex obs invalid epoch: epoch=D1348     9708090.509    5101
4 decode_obsepoch: ver=3.02
2 rinex obs invalid epoch: epoch=D1642     8150415.709    4283
4 decode_obsepoch: ver=3.02
2 rinex obs invalid epoch: epoch=D1709    11729930.634    6164
4 decode_obsepoch: ver=3.02
4 decode_obsepoch: ver=3.02
4 decode_obsh: ver=3.02
4 decode_obsh: ver=3.02
4 decode_obsh: ver=3.02
4 decode_obsh: ver=3.02
4 decode_obsh: ver=3.02
4 decode_obsh: ver=3.02
4 decode_obsepoch: ver=3.02
4 decode_obsepoch: ver=3.02
2 rinex obs invalid epoch: epoch=D0524    11214467.595    5893
4 decode_obsepoch: ver=3.02
4 decode_obsepoch: ver=3.02
2 rinex obs invalid epoch: epoch=D0815    10532089.201    5534
4 decode_obsepoch: ver=3.02
2 rinex obs invalid epoch: epoch=D0948     8028244.828    4218
4 decode_obsepoch: ver=3.02
2 rinex obs invalid epoch: epoch=D1348     9717616.966    5106
4 decode_obsepoch: ver=3.02
2 rinex obs invalid epoch: epoch=D1642     8161471.475    4288
4 decode_obsepoch: ver=3.02
2 rinex obs invalid epoch: epoch=D1709    11736440.318    6167
4 decode_obsepoch: ver=3.02
4 decode_obsepoch: ver=3.02
4 decode_obsepoch: ver=3.02
4 decode_obsh: ver=3.02
4 decode_obsepoch: ver=3.02
2 rinex obs invalid epoch: epoch=D1348     9727135.564    5111
4 decode_obsepoch: ver=3.02
4 decode_obsh: ver=3.02
4 decode_obsh: ver=3.02
4 decode_obsh: ver=3.02
4 decode_obsh: ver=3.02
4 decode_obsh: ver=3.02
4 decode_obsh: ver=3.02
4 decode_obsh: ver=3.02
4 decode_obsepoch: ver=3.02
4 decode_obsepoch: ver=3.02
4 decode_obsepoch: ver=3.02
4 decode_obsepoch: ver=3.02
2 rinex obs invalid epoch: epoch=D0524    11229399.519    5901
4 decode_obsepoch: ver=3.02
2 rinex obs invalid epoch: epoch=D0717     8697517.311    4570
4 decode_obsepoch: ver=3.02
4 decode_obsh: ver=3.02
4 decode_obsh: ver=3.02
4 decode_obsh: ver=3.02
4 decode_obsh: ver=3.02
4 decode_obsh: ver=3.02
4 decode_obsh: ver=3.02
4 decode_obsh: ver=3.02
4 decode_obsh: ver=3.02
4 decode_obsh: ver=3.02
4 decode_obsepoch: ver=3.02
4 decode_obsepoch: ver=3.02
4 decode_obsepoch: ver=3.02
2 rinex obs invalid epoch: epoch=D1709    11752656.985    6176
4 decode_obsepoch: ver=3.02
4 decode_obsepoch: ver=3.02
4 decode_obsepoch: ver=3.02
2 rinex obs invalid epoch: epoch=D0717     8708111.877    4576
4 decode_obsepoch: ver=3.02
2 rinex obs invalid epoch: epoch=D0815    10557608.196    5548
4 decode_obsepoch: ver=3.02
2 rinex obs invalid epoch: epoch=D0948     8061705.153    4236
4 decode_obsepoch: ver=3.02
2 rinex obs invalid epoch: epoch=D1348     9746137.224    5121
4 decode_obsepoch: ver=3.02
2 rinex obs invalid epoch: epoch=D1642     8194583.986    4306
4 decode_obsepoch: ver=3.02
2 rinex obs invalid epoch: epoch=D1709    11755892.549    6177
4 decode_obsepoch: ver=3.02
4 decode_obsepoch: ver=3.02
4 decode_obsh: ver=3.02
4 decode_obsh: ver=3.02
4 decode_obsh: ver=3.02
4 decode_obsh: ver=3.02
4 decode_obsh: ver=3.02
4 decode_obsh: ver=3.02
4 decode_obsh: ver=3.02
4 decode_obsh: ver=3.02
4 decode_obsh: ver=3.02
4 decode_obsepoch: ver=3.02
2 rinex obs invalid epoch: epoch=D0815    10566090.256    5552
4 decode_obsepoch: ver=3.02
4 decode_obsh: ver=3.02
4 decode_obsh: ver=3.02
4 decode_obsh: ver=3.02
4 decode_obsh: ver=3.02
4 decode_obsh: ver=3.02
4 decode_obsh: ver=3.02
4 decode_obsh: ver=3.02
4 decode_obsh: ver=3.02
4 decode_obsepoch: ver=3.02
2 rinex obs invalid epoch: epoch=D1348     9760359.220    5129
4 decode_obsepoch: ver=3.02
4 decode_obsh: ver=3.02
4 decode_obsh: ver=3.02
4 decode_obsh: ver=3.02
4 decode_obsh: ver=3.02
4 decode_obsh: ver=3.02
4 decode_obsh: ver=3.02
4 decode_obsh: ver=3.02
4 decode_obsh: ver=3.02
4 decode_obsh: ver=3.02
4 decode_obsepoch: ver=3.02
4 decode_obsepoch: ver=3.02
4 decode_obsepoch: ver=3.02
2 rinex obs invalid epoch: epoch=D0948     8089528.219    4251
4 decode_obsepoch: ver=3.02
2 rinex obs invalid epoch: epoch=D1348     9769826.964    5134
4 decode_obsepoch: ver=3.02
2 rinex obs invalid epoch: epoch=D1642     8222114.198    4320
4 decode_obsepoch: ver=3.02
4 decode_obsepoch: ver=3.02
4 decode_obsepoch: ver=3.02
2 rinex obs invalid epoch: epoch=D0524    11259112.174    5916
4 decode_obsepoch: ver=3.02
2 rinex obs invalid epoch: epoch=D0717     8739838.458    4592
4 decode_obsepoch: ver=3.02
4 decode_obsh: ver=3.02
4 decode_obsh: ver=3.02
4 decode_obsh: ver=3.02
4 decode_obsh: ver=3.02
4 decode_obsh: ver=3.02
4 decode_obsh: ver=3.02
4 decode_obsh: ver=3.02
4 decode_obsepoch: ver=3.02
4 decode_obsh: ver=3.02
4 decode_obsh: ver=3.02
4 decode_obsh: ver=3.02
4 decode_obsh: ver=3.02
4 decode_obsh: ver=3.02
4 decode_obsh: ver=3.02
4 decode_obsepoch: ver=3.02
2 rinex obs invalid epoch: epoch=D0717     8750392.515    4598
4 decode_obsepoch: ver=3.02
2 rinex obs invalid epoch: epoch=D0815    10591469.147    5565
4 decode_obsepoch: ver=3.02
2 rinex obs invalid epoch: epoch=D0948     8106194.751    4259
4 decode_obsepoch: ver=3.02
2 rinex obs invalid epoch: epoch=D1348     9784008.639    5141
4 decode_obsepoch: ver=3.02
4 decode_obsh: ver=3.02
4 decode_obsh: ver=3.02
4 decode_obsh: ver=3.02
4 decode_obsh: ver=3.02
4 decode_obsh: ver=3.02
4 decode_obsepoch: ver=3.02
4 decode_obsepoch: ver=3.02
2 rinex obs invalid epoch: epoch=D1348     9788731.644    5144
4 decode_obsepoch: ver=3.02
2 rinex obs invalid epoch: epoch=D1642     8244098.950    4332
4 decode_obsepoch: ver=3.02
4 decode_obsepoch: ver=3.02
4 decode_obsepoch: ver=3.02
2 rinex obs invalid epoch: epoch=D0524    11273894.261    5924
4 decode_obsepoch: ver=3.02
2 rinex obs invalid epoch: epoch=D0717     8760941.090    4603
4 decode_obsepoch: ver=3.02
4 decode_obsepoch: ver=3.02
2 rinex obs invalid epoch: epoch=D0948     8117295.327    4265
4 decode_obsepoch: ver=3.02
2 rinex obs invalid epoch: epoch=D1348     9793451.063    5146
4 decode_obsepoch: ver=3.02
2 rinex obs invalid epoch: epoch=D1642     8249591.193    4335
4 decode_obsepoch: ver=3.02
2 rinex obs invalid epoch: epoch=D1709    11788047.315    6194
4 decode_obsepoch: ver=3.02
4 decode_obsepoch: ver=3.02
2 rinex obs invalid epoch: epoch=D0524    11277580.606    5926
4 decode_obsepoch: ver=3.02
2 rinex obs invalid epoch: epoch=D0717     8766208.386    4606
4 decode_obsepoch: ver=3.02
2 rinex obs invalid epoch: epoch=D0815    10604119.127    5572
4 decode_obsepoch: ver=3.02
2 rinex obs invalid epoch: epoch=D0948     8122839.029    4268
4 decode_obsepoch: ver=3.02
2 rinex obs invalid epoch: epoch=D1348     9798168.523    5148
4 decode_obsepoch: ver=3.02
2 rinex obs invalid epoch: epoch=D1642     8255079.433    4338
4 decode_obsepoch: ver=3.02
2 rinex obs invalid epoch: epoch=D1709    11791243.404    6196
4 decode_obsepoch: ver=3.02
4 decode_obsepoch: ver=3.02
4 decode_obsh: ver=3.02
4 decode_obsh: ver=3.02
4 decode_obsepoch: ver=3.02
2 rinex obs invalid epoch: epoch=D0948     8128385.700    4271
4 decode_obsepoch: ver=3.02
2 rinex obs invalid epoch: epoch=D1348     9802880.200    5151
4 decode_obsepoch: ver=3.02
4 decode_obsh: ver=3.02
4 decode_obsh: ver=3.02
4 decode_obsepoch: ver=3.02
2 rinex obs invalid epoch: epoch=D0524    11284946.622    5930
4 decode_obsepoch: ver=3.02
4 decode_obsh: ver=3.02
4 decode_obsh: ver=3.02
4 decode_obsh: ver=3.02
4 decode_obsh: ver=3.02
4 decode_obsh: ver=3.02
4 decode_obsh: ver=3.02
4 decode_obsh: ver=3.02
4 decode_obsepoch: ver=3.02
2 rinex obs invalid epoch: epoch=D0717     8782004.145    4614
4 decode_obsepoch: ver=3.02
4 decode_obsh: ver=3.02
4 decode_obsh: ver=3.02
4 decode_obsepoch: ver=3.02
4 decode_obsepoch: ver=3.02
2 rinex obs invalid epoch: epoch=D1348     9817007.027    5158
4 decode_obsepoch: ver=3.02
2 rinex obs invalid epoch: epoch=D1642     8277004.955    4349
4 decode_obsepoch: ver=3.02
4 decode_obsepoch: ver=3.02
4 decode_obsepoch: ver=3.02
4 decode_obsepoch: ver=3.02
2 rinex obs invalid epoch: epoch=D0717     8792521.239    4620
4 decode_obsepoch: ver=3.02
2 rinex obs invalid epoch: epoch=D0815    10625140.854    5583
4 decode_obsepoch: ver=3.02
4 decode_obsh: ver=3.02
4 decode_obsh: ver=3.02
4 decode_obsh: ver=3.02
4 decode_obsh: ver=3.02
4 decode_obsh: ver=3.02
4 decode_obsh: ver=3.02
4 decode_obsh: ver=3.02
4 decode_obsepoch: ver=3.02
2 rinex obs invalid epoch: epoch=D0948     8156073.404    4286
4 decode_obsepoch: ver=3.02
2 rinex obs invalid epoch: epoch=D1348     9826408.416    5163
4 decode_obsepoch: ver=3.02
2 rinex obs invalid epoch: epoch=D1642     8287961.130    4355
4 decode_obsepoch: ver=3.02
4 decode_obsepoch: ver=3.02
4 decode_obsepoch: ver=3.02
4 decode_obsh: ver=3.02
4 decode_obsh: ver=3.02
4 decode_obsh: ver=3.02
4 decode_obsh: ver=3.02
4 decode_obsepoch: ver=3.02
4 decode_obsepoch: ver=3.02
2 rinex obs invalid epoch: epoch=D1709    11816708.362    6209
4 decode_obsepoch: ver=3.02
4 decode_obsepoch: ver=3.02
4 decode_obsepoch: ver=3.02
4 decode_obsh: ver=3.02
4 decode_obsh: ver=3.02
4 decode_obsh: ver=3.02
4 decode_obsh: ver=3.02
4 decode_obsh: ver=3.02
4 decode_obsepoch: ver=3.02
4 decode_obsepoch: ver=3.02
4 decode_obsh: ver=3.02
4 decode_obsh: ver=3.02
4 decode_obsh: ver=3.02
4 decode_obsh: ver=3.02
4 decode_obsepoch: ver=3.02
4 decode_obsepoch: ver=3.02
2 rinex obs invalid epoch: epoch=D1709    11823039.534    6213
4 decode_obsepoch: ver=3.02
4 decode_obsepoch: ver=3.02
2 rinex obs invalid epoch: epoch=D0524    11317935.580    5947
4 decode_obsepoch: ver=3.02
4 decode_obsepoch: ver=3.02
4 decode_obsepoch: ver=3.02
2 rinex obs invalid epoch: epoch=D1348     9854551.847    5178
4 decode_obsepoch: ver=3.02
4 decode_obsepoch: ver=3.02
4 decode_obsepoch: ver=3.02
2 rinex obs invalid epoch: epoch=D0524    11328873.286    5953
4 decode_obsepoch: ver=3.02
2 rinex obs invalid epoch: epoch=D0717     8839723.938    4645
4 decode_obsepoch: ver=3.02
4 decode_obsh: ver=3.02
4 decode_obsh: ver=3.02
4 decode_obsh: ver=3.02
4 decode_obsh: ver=3.02
4 decode_obsh: ver=3.02
4 decode_obsh: ver=3.02
4 decode_obsh: ver=3.02
4 decode_obsh: ver=3.02
4 decode_obsh: ver=3.02
4 decode_obsepoch: ver=3.02
4 decode_obsepoch: ver=3.02
2 rinex obs invalid epoch: epoch=D1642     8337128.412    4381
4 decode_obsepoch: ver=3.02
2 rinex obs invalid epoch: epoch=D1709    11838814.697    6221
4 decode_obsepoch: ver=3.02
4 decode_obsepoch: ver=3.02
4 decode_obsepoch: ver=3.02
2 rinex obs invalid epoch: epoch=D1642     8342580.332    4384
4 decode_obsepoch: ver=3.02
2 rinex obs invalid epoch: epoch=D1709    11841958.505    6222
4 decode_obsepoch: ver=3.02
4 decode_obsepoch: ver=3.02
4 decode_obsepoch: ver=3.02
2 rinex obs invalid epoch: epoch=D1348     9877931.731    5190
4 decode_obsepoch: ver=3.02
2 rinex obs invalid epoch: epoch=D1642     8348026.535    4386
4 decode_obsepoch: ver=3.02
2 rinex obs invalid epoch: epoch=D1709    11845102.017    6224
4 decode_obsepoch: ver=3.02
4 decode_obsepoch: ver=3.02
4 decode_obsh: ver=3.02
4 decode_obsh: ver=3.02
4 decode_obsh: ver=3.02
4 decode_obsh: ver=3.02
4 decode_obsh: ver=3.02
4 decode_obsepoch: ver=3.02
2 rinex obs invalid epoch: epoch=D1709    11848238.324    6226
4 decode_obsepoch: ver=3.02
4 decode_obsepoch: ver=3.02
4 decode_obsepoch: ver=3.02
2 rinex obs invalid epoch: epoch=D0717     8865860.963    4659
4 decode_obsepoch: ver=3.02
2 rinex obs invalid epoch: epoch=D0815    10683610.418    5614
4 decode_obsepoch: ver=3.02
4 decode_obsepoch: ver=3.02
2 rinex obs invalid epoch: epoch=D1348     9887265.484    5195
4 decode_obsepoch: ver=3.02
2 rinex obs invalid epoch: epoch=D1642     8358921.237    4392
4 decode_obsepoch: ver=3.02
2 rinex obs invalid epoch: epoch=D1709    11851374.700    6227
4 decode_obsepoch: ver=3.02
4 decode_obsepoch: ver=3.02
4 decode_obsepoch: ver=3.02
2 rinex obs invalid epoch: epoch=D0717     8871081.843    4661
4 decode_obsepoch: ver=3.02
2 rinex obs invalid epoch: epoch=D0815    10687762.572    5616
4 decode_obsepoch: ver=3.02
2 rinex obs invalid epoch: epoch=D0948     8233295.914    4326
4 decode_obsepoch: ver=3.02
2 rinex obs invalid epoch: epoch=D1348     9891925.188    5198
4 decode_obsepoch: ver=3.02
2 rinex obs invalid epoch: epoch=D1642     8364360.936    4395
4 decode_obsepoch: ver=3.02
4 decode_obsh: ver=3.02
4 decode_obsh: ver=3.02
4 decode_obsepoch: ver=3.02
2 rinex obs invalid epoch: epoch=D0717     8876299.043    4664
4 decode_obsepoch: ver=3.02
4 decode_obsepoch: ver=3.02
4 decode_obsepoch: ver=3.02
2 rinex obs invalid epoch: epoch=D1709    11863882.560    6234
4 decode_obsepoch: ver=3.02
4 decode_obsepoch: ver=3.02
4 decode_obsepoch: ver=3.02
4 decode_obsepoch: ver=3.02
2 rinex obs invalid epoch: epoch=D1348     9915196.235    5210
4 decode_obsepoch: ver=3.02
2 rinex obs invalid epoch: epoch=D1642     8391540.109    4409
4 decode_obsepoch: ver=3.02
4 decode_obsepoch: ver=3.02
2 rinex obs invalid epoch: epoch=D1348     9919841.739    5212
4 decode_obsepoch: ver=3.02
4 decode_obsh: ver=3.02
4 decode_obsh: ver=3.02
4 decode_obsepoch: ver=3.02
4 decode_obsepoch: ver=3.02
4 decode_obsepoch: ver=3.02
2 rinex obs invalid epoch: epoch=D0815    10716759.101    5631
4 decode_obsepoch: ver=3.02
4 decode_obsepoch: ver=3.02
4 decode_obsepoch: ver=3.02
2 rinex obs invalid epoch: epoch=D0524    11383143.542    5981
4 decode_obsepoch: ver=3.02
2 rinex obs invalid epoch: epoch=D0717     8917950.766    4686
4 decode_obsepoch: ver=3.02
2 rinex obs invalid epoch: epoch=D0815    10725016.790    5636
4 decode_obsepoch: ver=3.02
2 rinex obs invalid epoch: epoch=D0948     8282702.117    4352
4 decode_obsepoch: ver=3.02
4 decode_obsepoch: ver=3.02
4 decode_obsh: ver=3.02
4 decode_obsh: ver=3.02
4 decode_obsh: ver=3.02
4 decode_obsh: ver=3.02
4 decode_obsh: ver=3.02
4 decode_obsh: ver=3.02
4 decode_obsh: ver=3.02
4 decode_obsepoch: ver=3.02
2 rinex obs invalid epoch: epoch=D1642     8418659.001    4424
4 decode_obsepoch: ver=3.02
4 decode_obsepoch: ver=3.02
4 decode_obsepoch: ver=3.02
2 rinex obs invalid epoch: epoch=D1709    11888740.272    6247
4 decode_obsepoch: ver=3.02
4 decode_obsepoch: ver=3.02
2 rinex obs invalid epoch: epoch=D0524    11393909.530    5987
4 decode_obsepoch: ver=3.02
4 decode_obsepoch: ver=3.02
2 rinex obs invalid epoch: epoch=D0815    10737381.240    5642
4 decode_obsepoch: ver=3.02
2 rinex obs invalid epoch: epoch=D0948     8299131.162    4361
4 decode_obsepoch: ver=3.02
2 rinex obs invalid epoch: epoch=D1348     9947658.377    5227
4 decode_obsepoch: ver=3.02
4 decode_obsh: ver=3.02
4 decode_obsepoch: ver=3.02
4 decode_obsepoch: ver=3.02
2 rinex obs invalid epoch: epoch=D0524    11397493.997    5989
4 decode_obsepoch: ver=3.02
4 decode_obsh: ver=3.02
4 decode_obsh: ver=3.02
4 decode_obsh: ver=3.02
4 decode_obsepoch: ver=3.02
2 rinex obs invalid epoch: epoch=D1642     8434902.417    4432
4 decode_obsepoch: ver=3.02
2 rinex obs invalid epoch: epoch=D1709    11894919.746    6250
4 decode_obsepoch: ver=3.02
4 decode_obsepoch: ver=3.02
4 decode_obsh: ver=3.02
4 decode_obsh: ver=3.02
4 decode_obsh: ver=3.02
4 decode_obsh: ver=3.02
4 decode_obsepoch: ver=3.02
2 rinex obs invalid epoch: epoch=D1642     8440312.758    4435
4 decode_obsepoch: ver=3.02
4 decode_obsepoch: ver=3.02
4 decode_obsepoch: ver=3.02
2 rinex obs invalid epoch: epoch=D0524    11404651.013    5993
4 decode_obsepoch: ver=3.02
2 rinex obs invalid epoch: epoch=D0717     8949086.205    4702
4 decode_obsepoch: ver=3.02
4 decode_obsepoch: ver=3.02
2 rinex obs invalid epoch: epoch=D0948     8315542.175    4369
4 decode_obsepoch: ver=3.02
2 rinex obs invalid epoch: epoch=D1348     9961528.334    5234
4 decode_obsepoch: ver=3.02
4 decode_obsh: ver=3.02
4 decode_obsh: ver=3.02
4 decode_obsh: ver=3.02
4 decode_obsh: ver=3.02
4 decode_obsh: ver=3.02
4 decode_obsh: ver=3.02
4 decode_obsh: ver=3.02
4 decode_obsh: ver=3.02
4 decode_obsepoch: ver=3.02
2 rinex obs invalid epoch: epoch=D1709    11904167.702    6255
4 decode_obsepoch: ver=3.02
4 decode_obsepoch: ver=3.02
4 decode_obsepoch: ver=3.02
2 rinex obs invalid epoch: epoch=D0717     8959442.279    4708
4 decode_obsepoch: ver=3.02
4 decode_obsepoch: ver=3.02
4 decode_obsh: ver=3.02
4 decode_obsh: ver=3.02
4 decode_obsh: ver=3.02
4 decode_obsh: ver=3.02
4 decode_obsepoch: ver=3.02
2 rinex obs invalid epoch: epoch=D0524    11415361.330    5998
4 decode_obsepoch: ver=3.02
2 rinex obs invalid epoch: epoch=D0717     8964619.478    4710
4 decode_obsepoch: ver=3.02
2 rinex obs invalid epoch: epoch=D0815    10762027.231    5655
4 decode_obsepoch: ver=3.02
4 decode_obsepoch: ver=3.02
4 decode_obsh: ver=3.02
4 decode_obsh: ver=3.02
4 decode_obsepoch: ver=3.02
4 decode_obsepoch: ver=3.02
4 decode_obsh: ver=3.02
4 decode_obsepoch: ver=3.02
4 decode_obsh: ver=3.02
4 decode_obsh: ver=3.02
4 decode_obsh: ver=3.02
4 decode_obsh: ver=3.02
4 decode_obsh: ver=3.02
4 decode_obsh: ver=3.02
4 decode_obsh: ver=3.02
4 decode_obsh: ver=3.02
4 decode_obsepoch: ver=3.02
2 rinex obs invalid epoch: epoch=D0948     8342839.767    4384
4 decode_obsepoch: ver=3.02
4 decode_obsepoch: ver=3.02
4 decode_obsepoch: ver=3.02
4 decode_obsepoch: ver=3.02
2 rinex obs invalid epoch: epoch=D0815    10778398.389    5664
4 decode_obsepoch: ver=3.02
2 rinex obs invalid epoch: epoch=D0948     8353746.890    4389
4 decode_obsepoch: ver=3.02
4 decode_obsh: ver=3.02
4 decode_obsh: ver=3.02
4 decode_obsh: ver=3.02
4 decode_obsepoch: ver=3.02
4 decode_obsepoch: ver=3.02
4 decode_obsh: ver=3.02
4 decode_obsh: ver=3.02
4 decode_obsh: ver=3.02
4 decode_obsh: ver=3.02
4 decode_obsh: ver=3.02
4 decode_obsh: ver=3.02
4 decode_obsepoch: ver=3.02
4 decode_obsh: ver=3.02
4 decode_obsh: ver=3.02
4 decode_obsh: ver=3.02
4 decode_obsh: ver=3.02
4 decode_obsh: ver=3.02
4 decode_obsh: ver=3.02
4 decode_obsh: ver=3.02
4 decode_obsh: ver=3.02
4 decode_obsh: ver=3.02
4 decode_obsepoch: ver=3.02
2 rinex obs invalid epoch: epoch=D0815    10790645.032    5670
4 decode_obsepoch: ver=3.02
4 decode_obsh: ver=3.02
4 decode_obsepoch: ver=3.02
4 decode_obsh: ver=3.02
4 decode_obsh: ver=3.02
4 decode_obsh: ver=3.02
4 decode_obsh: ver=3.02
4 decode_obsh: ver=3.02
4 decode_obsh: ver=3.02
4 decode_obsh: ver=3.02
4 decode_obsh: ver=3.02
4 decode_obsepoch: ver=3.02
4 decode_obsh: ver=3.02
4 decode_obsh: ver=3.02
4 decode_obsh: ver=3.02
4 decode_obsh: ver=3.02
4 decode_obsh: ver=3.02
4 decode_obsh: ver=3.02
4 decode_obsh: ver=3.02
4 decode_obsh: ver=3.02
4 decode_obsepoch: ver=3.02
4 decode_obsepoch: ver=3.02
4 decode_obsh: ver=3.02
4 decode_obsepoch: ver=3.02
2 rinex obs invalid epoch: epoch=D0815    10802863.033    5676
4 decode_obsepoch: ver=3.02
2 rinex obs invalid epoch: epoch=D0948     8386403.259    4407
4 decode_obsepoch: ver=3.02
2 rinex obs invalid epoch: epoch=D1348    10021345.964    5266
4 decode_obsepoch: ver=3.02
4 decode_obsh: ver=3.02
4 decode_obsh: ver=3.02
4 decode_obsh: ver=3.02
4 decode_obsh: ver=3.02
4 decode_obsh: ver=3.02
4 decode_obsh: ver=3.02
4 decode_obsh: ver=3.02
4 decode_obsh: ver=3.02
4 decode_obsepoch: ver=3.02
4 decode_obsh: ver=3.02
4 decode_obsh: ver=3.02
4 decode_obsh: ver=3.02
4 decode_obsepoch: ver=3.02
2 rinex obs invalid epoch: epoch=D0815    10810995.084    5681
4 decode_obsepoch: ver=3.02
2 rinex obs invalid epoch: epoch=D0948     8397265.736    4412
4 decode_obsepoch: ver=3.02
4 decode_obsepoch: ver=3.02
4 decode_obsepoch: ver=3.02
4 decode_obsh: ver=3.02
4 decode_obsh: ver=3.02
4 decode_obsh: ver=3.02
4 decode_obsh: ver=3.02
4 decode_obsh: ver=3.02
4 decode_obsh: ver=3.02
4 decode_obsepoch: ver=3.02
4 decode_obsh: ver=3.02
4 decode_obsh: ver=3.02
4 decode_obsh: ver=3.02
4 decode_obsh: ver=3.02
4 decode_obsh: ver=3.02
4 decode_obsepoch: ver=3.02
2 rinex obs invalid epoch: epoch=D0815    10823166.551    5687
4 decode_obsepoch: ver=3.02
2 rinex obs invalid epoch: epoch=D0948     8413551.661    4421
4 decode_obsepoch: ver=3.02
2 rinex obs invalid epoch: epoch=D1348    10044228.044    5278
4 decode_obsepoch: ver=3.02
2 rinex obs invalid epoch: epoch=D1642     8542657.966    4489
4 decode_obsepoch: ver=3.02
2 rinex obs invalid epoch: epoch=D1709    11955999.293    6282
4 decode_obsepoch: ver=3.02
4 decode_obsh: ver=3.02
4 decode_obsh: ver=3.02
4 decode_obsh: ver=3.02
4 decode_obsh: ver=3.02
4 decode_obsh: ver=3.02
4 decode_obsh: ver=3.02
4 decode_obsh: ver=3.02
4 decode_obsh: ver=3.02
4 decode_obsepoch: ver=3.02
4 decode_obsepoch: ver=3.02
2 rinex obs invalid epoch: epoch=D0717     9052218.329    4756
4 decode_obsepoch: ver=3.02
2 rinex obs invalid epoch: epoch=D0815    10831268.269    5691
4 decode_obsepoch: ver=3.02
2 rinex obs invalid epoch: epoch=D0948     8424395.008    4427
4 decode_obsepoch: ver=3.02
4 decode_obsepoch: ver=3.02
4 decode_obsepoch: ver=3.02
4 decode_obsh: ver=3.02
4 decode_obsh: ver=3.02
4 decode_obsh: ver=3.02
4 decode_obsh: ver=3.02
4 decode_obsh: ver=3.02
4 decode_obsh: ver=3.02
4 decode_obsepoch: ver=3.02
2 rinex obs invalid epoch: epoch=D0948     8435229.323    4432
4 decode_obsepoch: ver=3.02
2 rinex obs invalid epoch: epoch=D1348    10062485.718    5287
4 decode_obsepoch: ver=3.02
2 rinex obs invalid epoch: epoch=D1642     8564093.458    4500
4 decode_obsepoch: ver=3.02
4 decode_obsepoch: ver=3.02
4 decode_obsepoch: time=2019/01/10 10:08:00.038 flag=2
4 decode_obsdata: ver=3.02
4 decode_obsdata: unsupported sat sat=D05
4 decode_obsdata: ver=3.02
4 decode_obsdata: unsupported sat sat=D07
4 decode_obsdata: ver=3.02
4 decode_obsdata: unsupported sat sat=D08
4 decode_obsdata: ver=3.02
4 decode_obsdata: unsupported sat sat=D09
4 decode_obsdata: ver=3.02
4 decode_obsdata: unsupported sat sat=D13
4 decode_obsdata: ver=3.02
4 decode_obsdata: unsupported sat sat=D16
4 decode_obsdata: ver=3.02
4 decode_obsdata: unsupported sat sat=D17
4 decode_obsdata: ver=3.02
4 decode_obsdata: unsupported sat sat=> 2
4 decode_obsdata: ver=3.02
4 decode_obsdata: unsupported sat sat=D05
4 decode_obsepoch: ver=3.02
4 decode_obsh: ver=3.02
4 decode_obsh: ver=3.02
4 decode_obsh: ver=3.02
4 decode_obsh: ver=3.02
4 decode_obsh: ver=3.02
4 decode_obsh: ver=3.02
4 decode_obsh: ver=3.02
4 decode_obsepoch: ver=3.02
4 decode_obsh: ver=3.02
4 decode_obsh: ver=3.02
4 decode_obsepoch: ver=3.02
2 rinex obs invalid epoch: epoch=D1348    10076149.599    5295
4 decode_obsepoch: ver=3.02
4 decode_obsh: ver=3.02
4 decode_obsh: ver=3.02
4 decode_obsh: ver=3.02
4 decode_obsh: ver=3.02
4 decode_obsh: ver=3.02
4 decode_obsh: ver=3.02
4 decode_obsepoch: ver=3.02
2 rinex obs invalid epoch: epoch=D1348    10080697.434    5297
4 decode_obsepoch: ver=3.02
4 decode_obsepoch: ver=3.02
4 decode_obsepoch: time=2019/01/10 10:12:00.038 flag=9
4 decode_obsepoch: ver=3.02
2 rinex obs invalid epoch: epoch=D0815    10859529.653    5706
4 decode_obsepoch: ver=3.02
2 rinex obs invalid epoch: epoch=D0948     8462272.170    4446
4 decode_obsepoch: ver=3.02
2 rinex obs invalid epoch: epoch=D1348    10085241.851    5299
4 decode_obsepoch: ver=3.02
2 rinex obs invalid epoch: epoch=D1642     8590837.724    4514
4 decode_obsepoch: ver=3.02
4 decode_obsepoch: ver=3.02
4 decode_obsepoch: ver=3.02
2 rinex obs invalid epoch: epoch=D1642     8596178.319    4517
4 decode_obsepoch: ver=3.02
4 decode_obsepoch: ver=3.02
4 decode_obsepoch: ver=3.02
2 rinex obs invalid epoch: epoch=D0815    10871590.572    5713
4 decode_obsepoch: ver=3.02
4 decode_obsh: ver=3.02
4 decode_obsh: ver=3.02
4 decode_obsepoch: ver=3.02
2 rinex obs invalid epoch: epoch=D1709    11992010.363    6301
4 decode_obsepoch: ver=3.02
4 decode_obsh: ver=3.02
4 decode_obsh: ver=3.02
4 decode_obsh: ver=3.02
4 decode_obsh: ver=3.02
4 decode_obsh: ver=3.02
4 decode_obsh: ver=3.02
4 decode_obsh: ver=3.02
4 decode_obsh: ver=3.02
4 decode_obsh: ver=3.02
4 decode_obsepoch: ver=3.02
2 rinex obs invalid epoch: epoch=D0717     9113609.794    4789
4 decode_obsepoch: ver=3.02
2 rinex obs invalid epoch: epoch=D0815    10879619.386    5717
4 decode_obsepoch: ver=3.02
4 decode_obsh: ver=3.02
4 decode_obsh: ver=3.02
4 decode_obsh: ver=3.02
4 decode_obsh: ver=3.02
4 decode_obsh: ver=3.02
4 decode_obsh: ver=3.02
4 decode_obsh: ver=3.02
4 decode_obsh: ver=3.02
4 decode_obsh: ver=3.02
4 decode_obsepoch: ver=3.02
2 rinex obs invalid epoch: epoch=D1642     8622851.399    4531
4 decode_obsepoch: ver=3.02
4 decode_obsh: ver=3.02
4 decode_obsepoch: ver=3.02
2 rinex obs invalid epoch: epoch=D0524    11524358.012    6056
4 decode_obsepoch: ver=3.02
2 rinex obs invalid epoch: epoch=D0717     9123806.193    4794
4 decode_obsepoch: ver=3.02
4 decode_obsepoch: ver=3.02
2 rinex obs invalid epoch: epoch=D0948     8500037.358    4466
4 decode_obsepoch: ver=3.02
2 rinex obs invalid epoch: epoch=D1348    10116984.332    5316
4 decode_obsepoch: ver=3.02
2 rinex obs invalid epoch: epoch=D1642     8628176.012    4534
4 decode_obsepoch: ver=3.02
4 decode_obsh: ver=3.02
4 decode_obsh: ver=3.02
4 decode_obsh: ver=3.02
4 decode_obsh: ver=3.02
4 decode_obsh: ver=3.02
4 decode_obsh: ver=3.02
4 decode_obsh: ver=3.02
4 decode_obsepoch: ver=3.02
4 decode_obsh: ver=3.02
4 decode_obsh: ver=3.02
4 decode_obsepoch: ver=3.02
4 decode_obsepoch: ver=3.02
4 decode_obsepoch: ver=3.02
4 decode_obsepoch: time=2019/01/10 10:22:00.038 flag=7
4 decode_obsepoch: ver=3.02
4 decode_obsh: ver=3.02
4 decode_obsh: ver=3.02
4 decode_obsh: ver=3.02
4 decode_obsh: ver=3.02
4 decode_obsh: ver=3.02
4 decode_obsh: ver=3.02
4 decode_obsepoch: ver=3.02
2 rinex obs invalid epoch: epoch=D1642     8649463.569    4545
4 decode_obsepoch: ver=3.02
2 rinex obs invalid epoch: epoch=D1709    12015751.092    6314
4 decode_obsepoch: ver=3.02
4 decode_obsepoch: ver=3.02
4 decode_obsepoch: ver=3.02
4 decode_obsepoch: ver=3.02
2 rinex obs invalid epoch: epoch=D1348    10139574.700    5328
4 decode_obsepoch: ver=3.02
4 decode_obsepoch: ver=3.02
2 rinex obs invalid epoch: epoch=D1709    12018702.105    6315
4 decode_obsepoch: ver=3.02
4 decode_obsepoch: ver=3.02
2 rinex obs invalid epoch: epoch=D0524    11545098.912    6066
4 decode_obsepoch: ver=3.02
4 decode_obsh: ver=3.02
4 decode_obsh: ver=3.02
4 decode_obsh: ver=3.02
4 decode_obsepoch: ver=3.02
2 rinex obs invalid epoch: epoch=D1642     8660092.336    4550
4 decode_obsepoch: ver=3.02
2 rinex obs invalid epoch: epoch=D1709    12021649.965    6317
4 decode_obsepoch: ver=3.02
4 decode_obsepoch: ver=3.02
2 rinex obs invalid epoch: epoch=D0524    11548545.629    6068
4 decode_obsepoch: ver=3.02
2 rinex obs invalid epoch: epoch=D0717     9159412.226    4813
4 decode_obsepoch: ver=3.02
2 rinex obs invalid epoch: epoch=D0815    10915597.621    5736
4 decode_obsepoch: ver=3.02
2 rinex obs invalid epoch: epoch=D0948     8537685.876    4486
4 decode_obsepoch: ver=3.02
2 rinex obs invalid epoch: epoch=D1348    10148588.470    5333
4 decode_obsepoch: ver=3.02
2 rinex obs invalid epoch: epoch=D1642     8665405.209    4553
4 decode_obsepoch: ver=3.02
4 decode_obsepoch: ver=3.02
4 decode_obsepoch: time=2019/01/10 10:27:00.038 flag=2
4 decode_obsdata: ver=3.02
4 decode_obsdata: unsupported sat sat=D05
4 decode_obsdata: ver=3.02
4 decode_obsdata: unsupported sat sat=D07
4 decode_obsdata: ver=3.02
4 decode_obsdata: unsupported sat sat=D08
4 decode_obsdata: ver=3.02
4 decode_obsdata: unsupported sat sat=D09
4 decode_obsdata: ver=3.02
4 decode_obsdata: unsupported sat sat=D13
4 decode_obsdata: ver=3.02
4 decode_obsdata: unsupported sat sat=D16
4 decode_obsdata: ver=3.02
4 decode_obsdata: unsupported sat sat=D17
4 decode_obsepoch: ver=3.02
4 decode_obsepoch: time=2019/01/10 10:28:00.038 flag=7
4 decode_obsepoch: ver=3.02
4 decode_obsh: ver=3.02
4 decode_obsh: ver=3.02
4 decode_obsh: ver=3.02
4 decode_obsh: ver=3.02
4 decode_obsh: ver=3.02
4 decode_obsh: ver=3.02
4 decode_obsepoch: ver=3.02
4 decode_obsh: ver=3.02
4 decode_obsh: ver=3.02
4 decode_obsepoch: ver=3.02
4 decode_obsepoch: time=2019/01/10 10:30:00.038 flag=6
4 decode_obsdata: ver=3.02
4 decode_obsdata: unsupported sat sat=D05
4 decode_obsdata: ver=3.02
4 decode_obsdata: unsupported sat sat=D07
4 decode_obsdata: ver=3.02
4 decode_obsdata: unsupported sat sat=D08
4 decode_obsdata: ver=3.02
4 decode_obsdata: unsupported sat sat=D09
4 decode_obsdata: ver=3.02
4 decode_obsdata: unsupported sat sat=D13
4 decode_obsepoch: ver=3.02
4 decode_obsepoch: ver=3.02
2 rinex obs invalid epoch: epoch=D1709    12036347.959    6325
4 decode_obsepoch: ver=3.02
4 decode_obsepoch: time=2019/01/10 10:31:00.038 flag=0
4 decode_obsdata: ver=3.02
4 decode_obsdata: unsupported sat sat=D05
4 decode_obsdata: ver=3.02
4 decode_obsdata: unsupported sat sat=D07
4 decode_obsdata: ver=3.02
4 decode_obsdata: unsupported sat sat=D08
4 decode_obsdata: ver=3.02
4 decode_obsdata: unsupported sat sat=D09
4 decode_obsdata: ver=3.02
4 decode_obsdata: unsupported sat sat=D13
4 decode_obsdata: ver=3.02
4 decode_obsdata: unsupported sat sat=D16
4 decode_obsdata: ver=3.02
4 decode_obsdata: unsupported sat sat=D17
4 decode_obsdata: ver=3.02
4 decode_obsdata: unsupported sat sat=> 2
4 decode_obsdata: ver=3.02
4 decode_obsdata: unsupported sat sat=D05
4 decode_obsepoch: ver=3.02
2 rinex obs invalid epoch: epoch=D0717     9189835.691    4829
4 decode_obsepoch: ver=3.02
4 decode_obsh: ver=3.02
4 decode_obsh: ver=3.02
4 decode_obsh: ver=3.02
4 decode_obsh: ver=3.02
4 decode_obsh: ver=3.02
4 decode_obsh: ver=3.02
4 decode_obsh: ver=3.02
4 decode_obsepoch: ver=3.02
2 rinex obs invalid epoch: epoch=D0815    10943408.653    5750
4 decode_obsepoch: ver=3.02
4 decode_obsh: ver=3.02
4 decode_obsh: ver=3.02
4 decode_obsh: ver=3.02
4 decode_obsh: ver=3.02
4 decode_obsh: ver=3.02
4 decode_obsh: ver=3.02
4 decode_obsh: ver=3.02
4 decode_obsh: ver=3.02
4 decode_obsepoch: ver=3.02
2 rinex obs invalid epoch: epoch=D1348    10184539.627    5352
4 decode_obsepoch: ver=3.02
2 rinex obs invalid epoch: epoch=D1642     8707801.963    4575
4 decode_obsepoch: ver=3.02
2 rinex obs invalid epoch: epoch=D1709    12048044.361    6331
4 decode_obsepoch: ver=3.02
4 decode_obsepoch: time=2019/01/10 10:35:00.039 flag=7
4 decode_obsepoch: ver=3.02
4 decode_obsh: ver=3.02
4 decode_obsh: ver=3.02
4 decode_obsh: ver=3.02
4 decode_obsh: ver=3.02
4 decode_obsepoch: ver=3.02
2 rinex obs invalid epoch: epoch=D0717     9210063.208    4839
4 decode_obsepoch: ver=3.02
4 decode_obsepoch: ver=3.02
4 decode_obsepoch: ver=3.02
2 rinex obs invalid epoch: epoch=D1348    10193499.105    5356
4 decode_obsepoch: ver=3.02
4 decode_obsh: ver=3.02
4 decode_obsh: ver=3.02
4 decode_obsh: ver=3.02
4 decode_obsh: ver=3.02
4 decode_obsh: ver=3.02
4 decode_obsh: ver=3.02
4 decode_obsh: ver=3.02
4 decode_obsh: ver=3.02
4 decode_obsh: ver=3.02
4 decode_obsepoch: ver=3.02
4 decode_obsepoch: time=2019/01/10 10:38:00.039 flag=8
4 decode_obsepoch: ver=3.02
2 rinex obs invalid epoch: epoch=D1709    12059685.823    6337
4 decode_obsepoch: ver=3.02
4 decode_obsepoch: time=2019/01/10 10:39:00.039 flag=2
4 decode_obsdata: ver=3.02
4 decode_obsdata: unsupported sat sat=D05
4 decode_obsdata: ver=3.02
4 decode_obsdata: unsupported sat sat=D07
4 decode_obsepoch: ver=3.02
2 rinex obs invalid epoch: epoch=D0815    10967129.075    5763
4 decode_obsepoch: ver=3.02
4 decode_obsh: ver=3.02
4 decode_obsh: ver=3.02
4 decode_obsh: ver=3.02
4 decode_obsh: ver=3.02
4 decode_obsh: ver=3.02
4 decode_obsh: ver=3.02
4 decode_obsh: ver=3.02
4 decode_obsepoch: ver=3.02
2 rinex obs invalid epoch: epoch=D0948     8612635.722    4525
4 decode_obsepoch: ver=3.02
2 rinex obs invalid epoch: epoch=D1348    10211383.559    5366
4 decode_obsepoch: ver=3.02
4 decode_obsepoch: ver=3.02
4 decode_obsh: ver=3.02
4 decode_obsh: ver=3.02
4 decode_obsh: ver=3.02
4 decode_obsh: ver=3.02
4 decode_obsepoch: ver=3.02
2 rinex obs invalid epoch: epoch=D1642     8744775.503    4595
4 decode_obsepoch: ver=3.02
2 rinex obs invalid epoch: epoch=D1709    12068381.517    6341
4 decode_obsepoch: ver=3.02
4 decode_obsepoch: time=2019/01/10 10:42:00.039 flag=2
4 decode_obsdata: ver=3.02
4 decode_obsdata: unsupported sat sat=D05
4 decode_obsepoch: ver=3.02
4 decode_obsepoch: ver=3.02
4 decode_obsh: ver=3.02
4 decode_obsh: ver=3.02
4 decode_obsepoch: ver=3.02
2 rinex obs invalid epoch: epoch=D1642     8750043.434    4598
4 decode_obsepoch: ver=3.02
4 decode_obsepoch: ver=3.02
4 decode_obsh: ver=3.02
4 decode_obsh: ver=3.02
4 decode_obsh: ver=3.02
4 decode_obsepoch: ver=3.02
4 decode_obsh: ver=3.02
4 decode_obsh: ver=3.02
4 decode_obsh: ver=3.02
4 decode_obsh: ver=3.02
4 decode_obsh: ver=3.02
4 decode_obsh: ver=3.02
4 decode_obsh: ver=3.02
4 decode_obsepoch: ver=3.02
2 rinex obs invalid epoch: epoch=D0815    10990735.260    5775
4 decode_obsepoch: ver=3.02
4 decode_obsepoch: ver=3.02
2 rinex obs invalid epoch: epoch=D1642     8771108.669    4609
4 decode_obsepoch: ver=3.02
4 decode_obsepoch: ver=3.02
4 decode_obsepoch: time=2019/01/10 10:47:00.039 flag=6
4 decode_obsdata: ver=3.02
4 decode_obsdata: unsupported sat sat=D05
4 decode_obsdata: ver=3.02
4 decode_obsdata: unsupported sat sat=D07
4 decode_obsdata: ver=3.02
4 decode_obsdata: unsupported sat sat=D08
4 decode_obsdata: ver=3.02
4 decode_obsdata: unsupported sat sat=D09
4 decode_obsdata: ver=3.02
4 decode_obsdata: unsupported sat sat=D13
4 decode_obsepoch: ver=3.02
2 rinex obs invalid epoch: epoch=D1642     8776371.980    4612
4 decode_obsepoch: ver=3.02
2 rinex obs invalid epoch: epoch=D1709    12085685.890    6351
4 decode_obsepoch: ver=3.02
4 decode_obsepoch: time=2019/01/10 10:48:00.039 flag=9
4 decode_obsepoch: ver=3.02
2 rinex obs invalid epoch: epoch=D0717     9270504.038    4871
4 decode_obsepoch: ver=3.02
2 rinex obs invalid epoch: epoch=D0815    11002498.564    5781
4 decode_obsepoch: ver=3.02
4 decode_obsh: ver=3.02
4 decode_obsh: ver=3.02
4 decode_obsh: ver=3.02
4 decode_obsepoch: ver=3.02
4 decode_obsepoch: time=2019/01/10 10:49:00.039 flag=1
4 decode_obsdata: ver=3.02
4 decode_obsdata: unsupported sat sat=D05
4 decode_obsdata: ver=3.02
4 decode_obsdata: unsupported sat sat=D07
4 decode_obsdata: ver=3.02
4 decode_obsdata: unsupported sat sat=D08
4 decode_obsdata: ver=3.02
4 decode_obsdata: unsupported sat sat=D09
4 decode_obsdata: ver=3.02
4 decode_obsdata: unsupported sat sat=D13
4 decode_obsepoch: ver=3.02
4 decode_obsepoch: ver=3.02
2 rinex obs invalid epoch: epoch=D0524    11630262.809    6111
4 decode_obsepoch: ver=3.02
4 decode_obsh: ver=3.02
4 decode_obsh: ver=3.02
4 decode_obsh: ver=3.02
4 decode_obsh: ver=3.02
4 decode_obsh: ver=3.02
4 decode_obsh: ver=3.02
4 decode_obsh: ver=3.02
4 decode_obsepoch: ver=3.02
2 rinex obs invalid epoch: epoch=D0717     9285556.184    4879
4 decode_obsepoch: ver=3.02
2 rinex obs invalid epoch: epoch=D0815    11014234.802    5788
4 decode_obsepoch: ver=3.02
2 rinex obs invalid epoch: epoch=D0948     8671199.123    4556
4 decode_obsepoch: ver=3.02
2 rinex obs invalid epoch: epoch=D1348    10260334.557    5391
4 decode_obsepoch: ver=3.02
4 decode_obsh: ver=3.02
4 decode_obsh: ver=3.02
4 decode_obsh: ver=3.02
4 decode_obsh: ver=3.02
4 decode_obsh: ver=3.02
4 decode_obsh: ver=3.02
4 decode_obsh: ver=3.02
4 decode_obsh: ver=3.02
4 decode_obsh: ver=3.02
4 decode_obsepoch: ver=3.02
4 decode_obsepoch: time=2019/01/10 10:53:00.039 flag=0
4 decode_obsdata: ver=3.02
4 decode_obsdata: unsupported sat sat=D05
4 decode_obsdata: ver=3.02
4 decode_obsdata: unsupported sat sat=D07
4 decode_obsepoch: ver=3.02
2 rinex obs invalid epoch: epoch=D0815    11022043.797    5792
4 decode_obsepoch: ver=3.02
2 rinex obs invalid epoch: epoch=D0948     8681812.210    4562
4 decode_obsepoch: ver=3.02
2 rinex obs invalid epoch: epoch=D1348    10269196.212    5396
4 decode_obsepoch: ver=3.02
2 rinex obs invalid epoch: epoch=D1642     8807878.502    4628
4 decode_obsepoch: ver=3.02
2 rinex obs invalid epoch: epoch=D1709    12102867.294    6360
4 decode_obsepoch: ver=3.02
4 decode_obsepoch: time=2019/01/10 10:54:00.039 flag=2
4 decode_obsdata: ver=3.02
4 decode_obsdata: unsupported sat sat=D05
4 decode_obsepoch: ver=3.02
2 rinex obs invalid epoch: epoch=D0717     9300581.773    4887
4 decode_obsepoch: ver=3.02
2 rinex obs invalid epoch: epoch=D0815    11025942.565    5794
4 decode_obsepoch: ver=3.02
2 rinex obs invalid epoch: epoch=D0948     8687119.211    4565
4 decode_obsepoch: ver=3.02
4 decode_obsh: ver=3.02
4 decode_obsh: ver=3.02
4 decode_obsh: ver=3.02
4 decode_obsh: ver=3.02
4 decode_obsh: ver=3.02
4 decode_obsh: ver=3.02
4 decode_obsh: ver=3.02
4 decode_obsh: ver=3.02
4 decode_obsepoch: ver=3.02
2 rinex obs invalid epoch: epoch=D1642     8818361.693    4634
4 decode_obsepoch: ver=3.02
4 decode_obsh: ver=3.02
4 decode_obsh: ver=3.02
4 decode_obsh: ver=3.02
4 decode_obsh: ver=3.02
4 decode_obsh: ver=3.02
4 decode_obsepoch: ver=3.02
2 rinex obs invalid epoch: epoch=D1348    10282469.421    5403
4 decode_obsepoch: ver=3.02
2 rinex obs invalid epoch: epoch=D1642     8823599.272    4636
4 decode_obsepoch: ver=3.02
2 rinex obs invalid epoch: epoch=D1709    12111413.256    6364
4 decode_obsepoch: ver=3.02
4 decode_obsepoch: time=2019/01/10 10:57:00.039 flag=7
4 decode_obsepoch: ver=3.02
4 decode_obsepoch: ver=3.02
4 decode_obsepoch: ver=3.02
4 decode_obsh: ver=3.02
4 decode_obsh: ver=3.02
4 decode_obsh: ver=3.02
4 decode_obsh: ver=3.02
4 decode_obsh: ver=3.02
4 decode_obsepoch: ver=3.02
2 rinex obs invalid epoch: epoch=D0717     9320586.340    4897
4 decode_obsepoch: ver=3.02
2 rinex obs invalid epoch: epoch=D0815    11041509.894    5802
4 decode_obsepoch: ver=3.02
2 rinex obs invalid epoch: epoch=D0948     8708310.734    4576
4 decode_obsepoch: ver=3.02
4 decode_obsh: ver=3.02
4 decode_obsepoch: ver=3.02
2 rinex obs invalid epoch: epoch=D1709    12117092.869    6367
4 decode_obsepoch: ver=3.02
4 decode_obsepoch: ver=3.02
4 decode_obsh: ver=3.02
4 decode_obsepoch: ver=3.02
4 decode_obsepoch: ver=3.02
2 rinex obs invalid epoch: epoch=D0948     8713602.304    4579
4 decode_obsepoch: ver=3.02
2 rinex obs invalid epoch: epoch=D1348    10295718.510    5410
4 decode_obsepoch: ver=3.02
2 rinex obs invalid epoch: epoch=D1642     8839299.372    4645
4 decode_obsepoch: ver=3.02
4 decode_obsh: ver=3.02
4 decode_obsepoch: ver=3.02
4 decode_obsepoch: ver=3.02
2 rinex obs invalid epoch: epoch=D0717     9335559.828    4905
4 decode_obsepoch: ver=3.02
2 rinex obs invalid epoch: epoch=D0815    11053151.366    5808
4 decode_obsepoch: ver=3.02
2 rinex obs invalid epoch: epoch=D0948     8724179.476    4584
4 decode_obsepoch: ver=3.02
4 decode_obsepoch: ver=3.02
4 decode_obsh: ver=3.02
4 decode_obsepoch: ver=3.02
2 rinex obs invalid epoch: epoch=D1642     8854974.873    4653
4 decode_obsepoch: ver=3.02
2 rinex obs invalid epoch: epoch=D1709    12128410.805    6373
4 decode_obsepoch: ver=3.02
4 decode_obsh: ver=3.02
4 decode_obsh: ver=3.02
4 decode_obsh: ver=3.02
4 decode_obsepoch: ver=3.02
4 decode_obsepoch: ver=3.02
4 decode_obsh: ver=3.02
4 decode_obsepoch: ver=3.02
4 decode_obsh: ver=3.02
4 decode_obsh: ver=3.02
4 decode_obsh: ver=3.02
4 decode_obsh: ver=3.02
4 decode_obsh: ver=3.02
4 decode_obsh: ver=3.02
4 decode_obsh: ver=3.02
4 decode_obsh: ver=3.02
4 decode_obsh: ver=3.02
4 decode_obsepoch: ver=3.02
4 decode_obsepoch: ver=3.02
2 rinex obs invalid epoch: epoch=D0717     9355487.820    4916
4 decode_obsepoch: ver=3.02
4 decode_obsepoch: ver=3.02
2 rinex obs invalid epoch: epoch=D0948     8745308.419    4595
4 decode_obsepoch: ver=3.02
2 rinex obs invalid epoch: epoch=D1348    10322133.159    5424
4 decode_obsepoch: ver=3.02
4 decode_obsh: ver=3.02
4 decode_obsh: ver=3.02
4 decode_obsh: ver=3.02
4 decode_obsh: ver=3.02
4 decode_obsh: ver=3.02
4 decode_obsh: ver=3.02
4 decode_obsh: ver=3.02
4 decode_obsepoch: ver=3.02
4 decode_obsepoch: ver=3.02
2 rinex obs invalid epoch: epoch=D0815    11076355.130    5820
4 decode_obsepoch: ver=3.02
2 rinex obs invalid epoch: epoch=D0948     8755857.011    4601
4 decode_obsepoch: ver=3.02
2 rinex obs invalid epoch: epoch=D1348    10330917.149    5428
4 decode_obsepoch: ver=3.02
4 decode_obsh: ver=3.02
4 decode_obsh: ver=3.02
4 decode_obsh: ver=3.02
4 decode_obsh: ver=3.02
4 decode_obsepoch: ver=3.02
2 rinex obs invalid epoch: epoch=D0815    11080213.200    5822
4 decode_obsepoch: ver=3.02
4 decode_obsepoch: ver=3.02
4 decode_obsepoch: ver=3.02
2 rinex obs invalid epoch: epoch=D1642     8886262.147    4669
4 decode_obsepoch: ver=3.02
2 rinex obs invalid epoch: epoch=D1709    12145289.188    6382
4 decode_obsepoch: ver=3.02
4 decode_obsepoch: time=2019/01/10 10:10:00.039 flag=7
4 decode_obsepoch: ver=3.02
4 decode_obsh: ver=3.02
4 decode_obsh: ver=3.02
4 decode_obsh: ver=3.02
4 decode_obsepoch: ver=3.02
4 decode_obsepoch: ver=3.02
2 rinex obs invalid epoch: epoch=D0815    11091760.813    5828
4 decode_obsepoch: ver=3.02
2 rinex obs invalid epoch: epoch=D0948     8776923.656    4612
4 decode_obsepoch: ver=3.02
4 decode_obsh: ver=3.02
4 decode_obsepoch: ver=3.02
2 rinex obs invalid epoch: epoch=D1709    12153684.366    6386
4 decode_obsepoch: ver=3.02
4 decode_obsepoch: time=2019/01/10 10:13:00.039 flag=7
4 decode_obsepoch: ver=3.02
4 decode_obsepoch: time=2019/01/10 10:14:00.039 flag=7
4 decode_obsepoch: ver=3.02
4 decode_obsepoch: time=2019/01/10 10:15:00.039 flag=7
4 decode_obsepoch: ver=3.02
2 rinex obs invalid epoch: epoch=D0948     8792699.700    4620
4 decode_obsepoch: ver=3.02
2 rinex obs invalid epoch: epoch=D1348    10361567.760    5445
4 decode_obsepoch: ver=3.02
4 decode_obsh: ver=3.02
4 decode_obsh: ver=3.02
4 decode_obsh: ver=3.02
4 decode_obsh: ver=3.02
4 decode_obsh: ver=3.02
4 decode_obsh: ver=3.02
4 decode_obsh: ver=3.02
4 decode_obsh: ver=3.02
4 decode_obsepoch: ver=3.02
2 rinex obs invalid epoch: epoch=D1709    12164829.770    6392
4 decode_obsepoch: ver=3.02
4 decode_obsepoch: time=2019/01/10 10:17:00.039 flag=6
4 decode_obsdata: ver=3.02
4 decode_obsdata: unsupported sat sat=D05
4 decode_obsdata: ver=3.02
4 decode_obsdata: unsupported sat sat=D07
4 decode_obsdata: ver=3.02
4 decode_obsdata: unsupported sat sat=D08
4 decode_obsdata: ver=3.02
4 decode_obsdata: unsupported sat sat=D09
4 decode_obsdata: ver=3.02
4 decode_obsdata: unsupported sat sat=D13
4 decode_obsepoch: ver=3.02
2 rinex obs invalid epoch: epoch=D1642     8927845.063    4691
4 decode_obsepoch: ver=3.02
2 rinex obs invalid epoch: epoch=D1709    12167606.997    6394
4 decode_obsepoch: ver=3.02
4 decode_obsepoch: ver=3.02
2 rinex obs invalid epoch: epoch=D0717     9419963.739    4950
4 decode_obsepoch: ver=3.02
4 decode_obsh: ver=3.02
4 decode_obsh: ver=3.02
4 decode_obsepoch: ver=3.02
2 rinex obs invalid epoch: epoch=D1642     8938210.540    4697
4 decode_obsepoch: ver=3.02
2 rinex obs invalid epoch: epoch=D1709    12173150.787    6397
4 decode_obsepoch: ver=3.02
4 decode_obsh: ver=3.02
4 decode_obsh: ver=3.02
4 decode_obsh: ver=3.02
4 decode_obsepoch: ver=3.02
2 rinex obs invalid epoch: epoch=D0948     8818941.638    4634
4 decode_obsepoch: ver=3.02
2 rinex obs invalid epoch: epoch=D1348    10383370.298    5456
4 decode_obsepoch: ver=3.02
2 rinex obs invalid epoch: epoch=D1642     8943396.775    4699
4 decode_obsepoch: ver=3.02
2 rinex obs invalid epoch: epoch=D1709    12175916.740    6398
4 decode_obsepoch: ver=3.02
4 decode_obsh: ver=3.02
4 decode_obsh: ver=3.02
4 decode_obsh: ver=3.02
4 decode_obsh: ver=3.02
4 decode_obsepoch: ver=3.02
4 decode_obsh: ver=3.02
4 decode_obsh: ver=3.02
4 decode_obsh: ver=3.02
4 decode_obsh: ver=3.02
4 decode_obsh: ver=3.02
4 decode_obsh: ver=3.02
4 decode_obsh: ver=3.02
4 decode_obsh: ver=3.02
4 decode_obsepoch: ver=3.02
4 decode_obsh: ver=3.02
4 decode_obsh: ver=3.02
4 decode_obsh: ver=3.02
4 decode_obsh: ver=3.02
4 decode_obsh: ver=3.02
4 decode_obsepoch: ver=3.02
2 rinex obs invalid epoch: epoch=D0948     8834658.129    4642
4 decode_obsepoch: ver=3.02
4 decode_obsh: ver=3.02
4 decode_obsh: ver=3.02
4 decode_obsh: ver=3.02
4 decode_obsh: ver=3.02
4 decode_obsh: ver=3.02
4 decode_obsh: ver=3.02
4 decode_obsepoch: ver=3.02
2 rinex obs invalid epoch: epoch=D0948     8839892.640    4645
4 decode_obsepoch: ver=3.02
2 rinex obs invalid epoch: epoch=D1348    10400766.080    5465
4 decode_obsepoch: ver=3.02
4 decode_obsepoch: ver=3.02
4 decode_obsepoch: ver=3.02
2 rinex obs invalid epoch: epoch=D0524    11742827.866    6170
4 decode_obsepoch: ver=3.02
2 rinex obs invalid epoch: epoch=D0717     9449572.050    4965
4 decode_obsepoch: ver=3.02
2 rinex obs invalid epoch: epoch=D0815    11141489.584    5854
4 decode_obsepoch: ver=3.02
2 rinex obs invalid epoch: epoch=D0948     8845124.422    4648
4 decode_obsepoch: ver=3.02
2 rinex obs invalid epoch: epoch=D1348    10405106.828    5467
4 decode_obsepoch: ver=3.02
2 rinex obs invalid epoch: epoch=D1642     8969265.848    4713
4 decode_obsepoch: ver=3.02
2 rinex obs invalid epoch: epoch=D1709    12189703.306    6405
4 decode_obsepoch: ver=3.02
4 decode_obsepoch: time=2019/01/10 10:26:00.039 flag=7
4 decode_obsepoch: ver=3.02
2 rinex obs invalid epoch: epoch=D0717     9454500.264    4968
4 decode_obsepoch: ver=3.02
2 rinex obs invalid epoch: epoch=D0815    11145294.068    5856
4 decode_obsepoch: ver=3.02
2 rinex obs invalid epoch: epoch=D0948     8850349.075    4650
4 decode_obsepoch: ver=3.02
2 rinex obs invalid epoch: epoch=D1348    10409444.696    5470
4 decode_obsepoch: ver=3.02
2 rinex obs invalid epoch: epoch=D1642     8974431.743    4716
4 decode_obsepoch: ver=3.02
4 decode_obsh: ver=3.02
4 decode_obsh: ver=3.02
4 decode_obsepoch: ver=3.02
2 rinex obs invalid epoch: epoch=D0717     9459421.883    4970
4 decode_obsepoch: ver=3.02
4 decode_obsepoch: ver=3.02
4 decode_obsepoch: ver=3.02
2 rinex obs invalid epoch: epoch=D0815    11152889.538    5860
4 decode_obsepoch: ver=3.02
2 rinex obs invalid epoch: epoch=D0948     8860804.448    4656
4 decode_obsepoch: ver=3.02
4 decode_obsepoch: ver=3.02
2 rinex obs invalid epoch: epoch=D1642     8984755.844    4721
4 decode_obsepoch: ver=3.02
4 decode_obsepoch: ver=3.02
4 decode_obsepoch: ver=3.02
4 decode_obsh: ver=3.02
4 decode_obsh: ver=3.02
4 decode_obsh: ver=3.02
4 decode_obsh: ver=3.02
4 decode_obsepoch: ver=3.02
4 decode_obsepoch: ver=3.02
4 decode_obsh: ver=3.02
4 decode_obsh: ver=3.02
4 decode_obsh: ver=3.02
4 decode_obsh: ver=3.02
4 decode_obsepoch: ver=3.02
2 rinex obs invalid epoch: epoch=D0948     8871242.789    4661
4 decode_obsepoch: ver=3.02
2 rinex obs invalid epoch: epoch=D1348    10426770.039    5479
4 decode_obsepoch: ver=3.02
2 rinex obs invalid epoch: epoch=D1642     8995072.404    4726
4 decode_obsepoch: ver=3.02
2 rinex obs invalid epoch: epoch=D1709    12203403.977    6412
4 decode_obsepoch: ver=3.02
4 decode_obsepoch: time=2019/01/10 10:31:00.039 flag=8
4 decode_obsepoch: ver=3.02
2 rinex obs invalid epoch: epoch=D0815    11164262.645    5866
4 decode_obsepoch: ver=3.02
2 rinex obs invalid epoch: epoch=D0948     8876460.895    4664
4 decode_obsepoch: ver=3.02
4 decode_obsepoch: ver=3.02
2 rinex obs invalid epoch: epoch=D1642     9000226.414    4729
4 decode_obsepoch: ver=3.02
4 decode_obsepoch: ver=3.02
4 decode_obsepoch: ver=3.02
2 rinex obs invalid epoch: epoch=D0717     9488903.206    4986
4 decode_obsepoch: ver=3.02
4 decode_obsh: ver=3.02
4 decode_obsh: ver=3.02
4 decode_obsepoch: ver=3.02
2 rinex obs invalid epoch: epoch=D1642     9010527.586    4735
4 decode_obsepoch: ver=3.02
2 rinex obs invalid epoch: epoch=D1709    12211585.173    6417
4 decode_obsepoch: ver=3.02
4 decode_obsepoch: time=2019/01/10 10:34:00.039 flag=1
4 decode_obsdata: ver=3.02
4 decode_obsdata: unsupported sat sat=D05
4 decode_obsdata: ver=3.02
4 decode_obsdata: unsupported sat sat=D07
4 decode_obsdata: ver=3.02
4 decode_obsdata: unsupported sat sat=D08
4 decode_obsdata: ver=3.02
4 decode_obsdata: unsupported sat sat=D09
4 decode_obsdata: ver=3.02
4 decode_obsdata: unsupported sat sat=D13
4 decode_obsepoch: ver=3.02
2 rinex obs invalid epoch: epoch=D1642     9015670.613    4737
4 decode_obsepoch: ver=3.02
4 decode_obsepoch: ver=3.02
4 decode_obsepoch: ver=3.02
4 decode_obsepoch: ver=3.02
4 decode_obsepoch: ver=3.02
2 rinex obs invalid epoch: epoch=D0948     8902504.521    4678
4 decode_obsepoch: ver=3.02
2 rinex obs invalid epoch: epoch=D1348    10452666.981    5492
4 decode_obsepoch: ver=3.02
2 rinex obs invalid epoch: epoch=D1642     9025957.917    4743
4 decode_obsepoch: ver=3.02
2 rinex obs invalid epoch: epoch=D1709    12219734.156    6421
4 decode_obsepoch: ver=3.02
4 decode_obsh: ver=3.02
4 decode_obsh: ver=3.02
4 decode_obsh: ver=3.02
4 decode_obsh: ver=3.02
4 decode_obsh: ver=3.02
4 decode_obsh: ver=3.02
4 decode_obsh: ver=3.02
4 decode_obsepoch: ver=3.02
4 decode_obsepoch: time=2019/01/10 10:38:00.039 flag=0
4 decode_obsdata: ver=3.02
4 decode_obsdata: unsupported sat sat=D05
4 decode_obsdata: ver=3.02
4 decode_obsdata: unsupported sat sat=D07
4 decode_obsdata: ver=3.02
4 decode_obsdata: unsupported sat sat=D08
4 decode_obsdata: ver=3.02
4 decode_obsdata: unsupported sat sat=D09
4 decode_obsdata: ver=3.02
4 decode_obsdata: unsupported sat sat=D13
4 decode_obsdata: ver=3.02
4 decode_obsdata: unsupported sat sat=D16
4 decode_obsdata: ver=3.02
4 decode_obsdata: unsupported sat sat=D17
4 decode_obsdata: ver=3.02
4 decode_obsdata: unsupported sat sat=> 2
4 decode_obsdata: ver=3.02
4 decode_obsdata: unsupported sat sat=D05
4 decode_obsepoch: ver=3.02
2 rinex obs invalid epoch: epoch=D0717     9518290.199    5001
4 decode_obsepoch: ver=3.02
4 decode_obsh: ver=3.02
4 decode_obsh: ver=3.02
4 decode_obsh: ver=3.02
4 decode_obsh: ver=3.02
4 decode_obsh: ver=3.02
4 decode_obsh: ver=3.02
4 decode_obsh: ver=3.02
4 decode_obsepoch: ver=3.02
2 rinex obs invalid epoch: epoch=D0815    11198214.429    5884
4 decode_obsepoch: ver=3.02
2 rinex obs invalid epoch: epoch=D0948     8923299.268    4689
4 decode_obsepoch: ver=3.02
4 decode_obsepoch: ver=3.02
4 decode_obsepoch: ver=3.02
2 rinex obs invalid epoch: epoch=D0815    11201971.175    5886
4 decode_obsepoch: ver=3.02
2 rinex obs invalid epoch: epoch=D0948     8928493.097    4691
4 decode_obsepoch: ver=3.02
2 rinex obs invalid epoch: epoch=D1348    10474172.600    5504
4 decode_obsepoch: ver=3.02
2 rinex obs invalid epoch: epoch=D1642     9051628.684    4756
4 decode_obsepoch: ver=3.02
4 decode_obsepoch: ver=3.02
4 decode_obsepoch: time=2019/01/10 10:42:00.039 flag=8
4 decode_obsepoch: ver=3.02
4 decode_obsepoch: ver=3.02
4 decode_obsh: ver=3.02
4 decode_obsh: ver=3.02
4 decode_obsh: ver=3.02
4 decode_obsh: ver=3.02
4 decode_obsh: ver=3.02
4 decode_obsh: ver=3.02
4 decode_obsepoch: ver=3.02
4 decode_obsepoch: ver=3.02
4 decode_obsh: ver=3.02
4 decode_obsh: ver=3.02
4 decode_obsh: ver=3.02
4 decode_obsh: ver=3.02
4 decode_obsh: ver=3.02
4 decode_obsh: ver=3.02
4 decode_obsh: ver=3.02
4 decode_obsh: ver=3.02
4 decode_obsepoch: ver=3.02
4 decode_obsh: ver=3.02
4 decode_obsh: ver=3.02
4 decode_obsh: ver=3.02
4 decode_obsh: ver=3.02
4 decode_obsh: ver=3.02
4 decode_obsh: ver=3.02
4 decode_obsepoch: ver=3.02
2 rinex obs invalid epoch: epoch=D1709    12246679.535    6435
4 decode_obsepoch: ver=3.02
4 decode_obsepoch: time=2019/01/10 10:47:00.039 flag=0
4 decode_obsdata: ver=3.02
4 decode_obsdata: unsupported sat sat=D05
4 decode_obsdata: ver=3.02
4 decode_obsdata: unsupported sat sat=D07
4 decode_obsdata: ver=3.02
4 decode_obsdata: unsupported sat sat=D08
4 decode_obsdata: ver=3.02
4 decode_obsdata: unsupported sat sat=D09
4 decode_obsdata: ver=3.02
4 decode_obsdata: unsupported sat sat=D13
4 decode_obsdata: ver=3.02
4 decode_obsdata: unsupported sat sat=D16
4 decode_obsdata: ver=3.02
4 decode_obsdata: unsupported sat sat=D17
4 decode_obsdata: ver=3.02
4 decode_obsdata: unsupported sat sat=> 2
4 decode_obsdata: ver=3.02
4 decode_obsdata: unsupported sat sat=D05
4 decode_obsepoch: ver=3.02
2 rinex obs invalid epoch: epoch=D0717     9562186.130    5024
4 decode_obsepoch: ver=3.02
4 decode_obsepoch: ver=3.02
2 rinex obs invalid epoch: epoch=D0815    11231910.205    5902
4 decode_obsepoch: ver=3.02
2 rinex obs invalid epoch: epoch=D0948     8969938.067    4713
4 decode_obsepoch: ver=3.02
2 rinex obs invalid epoch: epoch=D1348    10508424.530    5522
4 decode_obsepoch: ver=3.02
4 decode_obsh: ver=3.02
4 decode_obsh: ver=3.02
4 decode_obsepoch: ver=3.02
2 rinex obs invalid epoch: epoch=D0524    11823182.889    6213
4 decode_obsepoch: ver=3.02
2 rinex obs invalid epoch: epoch=D0717     9571914.224    5030
4 decode_obsepoch: ver=3.02
4 decode_obsepoch: ver=3.02
2 rinex obs invalid epoch: epoch=D0948     8980273.933    4719
4 decode_obsepoch: ver=3.02
4 decode_obsh: ver=3.02
4 decode_obsh: ver=3.02
4 decode_obsh: ver=3.02
4 decode_obsh: ver=3.02
4 decode_obsh: ver=3.02
4 decode_obsepoch: ver=3.02
2 rinex obs invalid epoch: epoch=D0815    11243087.230    5908
4 decode_obsepoch: ver=3.02
2 rinex obs invalid epoch: epoch=D0948     8985438.773    4721
4 decode_obsepoch: ver=3.02
4 decode_obsh: ver=3.02
4 decode_obsh: ver=3.02
4 decode_obsh: ver=3.02
4 decode_obsh: ver=3.02
4 decode_obsepoch: ver=3.02
2 rinex obs invalid epoch: epoch=D0717     9586484.223    5037
4 decode_obsepoch: ver=3.02
4 decode_obsh: ver=3.02
4 decode_obsh: ver=3.02
4 decode_obsh: ver=3.02
4 decode_obsh: ver=3.02
4 decode_obsepoch: ver=3.02
4 decode_obsepoch: time=2019/01/10 10:54:00.039 flag=1
4 decode_obsdata: ver=3.02
4 decode_obsdata: unsupported sat sat=D05
4 decode_obsdata: ver=3.02
4 decode_obsdata: unsupported sat sat=D07
4 decode_obsdata: ver=3.02
4 decode_obsdata: unsupported sat sat=D08
4 decode_obsdata: ver=3.02
4 decode_obsdata: unsupported sat sat=D09
4 decode_obsepoch: ver=3.02
2 rinex obs invalid epoch: epoch=D1348    10529735.259    5533
4 decode_obsepoch: ver=3.02
2 rinex obs invalid epoch: epoch=D1642     9118076.529    4791
4 decode_obsepoch: ver=3.02
2 rinex obs invalid epoch: epoch=D1709    12267987.995    6446
4 decode_obsepoch: ver=3.02
4 decode_obsepoch: time=2019/01/10 10:55:00.039 flag=6
4 decode_obsdata: ver=3.02
4 decode_obsdata: unsupported sat sat=D05
4 decode_obsdata: ver=3.02
4 decode_obsdata: unsupported sat sat=D07
4 decode_obsdata: ver=3.02
4 decode_obsdata: unsupported sat sat=D08
4 decode_obsdata: ver=3.02
4 decode_obsdata: unsupported sat sat=D09
4 decode_obsdata: ver=3.02
4 decode_obsdata: unsupported sat sat=D13
4 decode_obsdata: ver=3.02
4 decode_obsdata: unsupported sat sat=D16
4 decode_obsdata: ver=3.02
4 decode_obsdata: unsupported sat sat=D17
4 decode_obsepoch: ver=3.02
4 decode_obsepoch: time=2019/01/10 10:56:00.040 flag=1
4 decode_obsdata: ver=3.02
4 decode_obsdata: unsupported sat sat=D05
4 decode_obsdata: ver=3.02
4 decode_obsdata: unsupported sat sat=D07
4 decode_obsdata: ver=3.02
4 decode_obsdata: unsupported sat sat=D08
4 decode_obsdata: ver=3.02
4 decode_obsdata: unsupported sat sat=D09
4 decode_obsdata: ver=3.02
4 decode_obsdata: unsupported sat sat=D13
4 decode_obsdata: ver=3.02
4 decode_obsdata: unsupported sat sat=D16
4 decode_obsdata: ver=3.02
4 decode_obsdata: unsupported sat sat=D17
4 decode_obsdata: ver=3.02
4 decode_obsdata: unsupported sat sat=> 2
4 decode_obsdata: ver=3.02
4 decode_obsdata: unsupported sat sat=D05
4 decode_obsepoch: ver=3.02
4 decode_obsepoch: ver=3.02
2 rinex obs invalid epoch: epoch=D0948     9016375.012    4738
4 decode_obsepoch: ver=3.02
2 rinex obs invalid epoch: epoch=D1348    10546733.508    5542
4 decode_obsepoch: ver=3.02
2 rinex obs invalid epoch: epoch=D1642     9138433.299    4802
4 decode_obsepoch: ver=3.02
4 decode_obsepoch: ver=3.02
4 decode_obsh: ver=3.02
4 decode_obsh: ver=3.02
4 decode_obsh: ver=3.02
4 decode_obsh: ver=3.02
4 decode_obsh: ver=3.02
4 decode_obsh: ver=3.02
4 decode_obsh: ver=3.02
4 decode_obsh: ver=3.02
4 decode_obsepoch: ver=3.02
2 rinex obs invalid epoch: epoch=D0948     9026664.540    4743
4 decode_obsepoch: ver=3.02
2 rinex obs invalid epoch: epoch=D1348    10555215.066    5546
4 decode_obsepoch: ver=3.02
2 rinex obs invalid epoch: epoch=D1642     9148598.957    4807
4 decode_obsepoch: ver=3.02
2 rinex obs invalid epoch: epoch=D1709    12283826.752    6455
4 decode_obsepoch: ver=3.02
4 decode_obsepoch: time=2019/01/10 11:01:00.040 flag=6
4 decode_obsdata: ver=3.02
4 decode_obsdata: unsupported sat sat=D05
4 decode_obsdata: ver=3.02
4 decode_obsdata: unsupported sat sat=D07
4 decode_obsdata: ver=3.02
4 decode_obsdata: unsupported sat sat=D08
4 decode_obsdata: ver=3.02
4 decode_obsdata: unsupported sat sat=D09
4 decode_obsepoch: ver=3.02
2 rinex obs invalid epoch: epoch=D1348    10559448.627    5549
4 decode_obsepoch: ver=3.02
2 rinex obs invalid epoch: epoch=D1642     9153677.390    4810
4 decode_obsepoch: ver=3.02
4 decode_obsh: ver=3.02
4 decode_obsh: ver=3.02
4 decode_obsepoch: ver=3.02
4 decode_obsepoch: ver=3.02
4 decode_obsepoch: ver=3.02
4 decode_obsh: ver=3.02
4 decode_obsh: ver=3.02
4 decode_obsh: ver=3.02
4 decode_obsh: ver=3.02
4 decode_obsh: ver=3.02
4 decode_obsh: ver=3.02
4 decode_obsh: ver=3.02
4 decode_obsh: ver=3.02
4 decode_obsepoch: ver=3.02
4 decode_obsh: ver=3.02
4 decode_obsh: ver=3.02
4 decode_obsh: ver=3.02
4 decode_obsepoch: ver=3.02
4 decode_obsh: ver=3.02
4 decode_obsh: ver=3.02
4 decode_obsh: ver=3.02
4 decode_obsh: ver=3.02
4 decode_obsh: ver=3.02
4 decode_obsh: ver=3.02
4 decode_obsh: ver=3.02
4 decode_obsh: ver=3.02
4 decode_obsh: ver=3.02
4 decode_obsepoch: ver=3.02
2 rinex obs invalid epoch: epoch=D0815    11291188.192    5933
4 decode_obsepoch: ver=3.02
2 rinex obs invalid epoch: epoch=D0948     9052348.814    4757
4 decode_obsepoch: ver=3.02
4 decode_obsh: ver=3.02
4 decode_obsh: ver=3.02
4 decode_obsh: ver=3.02
4 decode_obsh: ver=3.02
4 decode_obsepoch: ver=3.02
2 rinex obs invalid epoch: epoch=D0717     9649334.136    5070
4 decode_obsepoch: ver=3.02
2 rinex obs invalid epoch: epoch=D0815    11294867.231    5935
4 decode_obsepoch: ver=3.02
4 decode_obsh: ver=3.02
4 decode_obsh: ver=3.02
4 decode_obsh: ver=3.02
4 decode_obsh: ver=3.02
4 decode_obsepoch: ver=3.02
2 rinex obs invalid epoch: epoch=D0524    11876642.510    6241
4 decode_obsepoch: ver=3.02
2 rinex obs invalid epoch: epoch=D0717     9654149.926    5073
4 decode_obsepoch: ver=3.02
2 rinex obs invalid epoch: epoch=D0815    11298540.921    5937
4 decode_obsepoch: ver=3.02
2 rinex obs invalid epoch: epoch=D0948     9062606.667    4762
4 decode_obsepoch: ver=3.02
2 rinex obs invalid epoch: epoch=D1348    10584801.870    5562
4 decode_obsepoch: ver=3.02
2 rinex obs invalid epoch: epoch=D1642     9184091.364    4826
4 decode_obsepoch: ver=3.02
4 decode_obsepoch: ver=3.02
4 decode_obsepoch: time=2019/01/10 10:09:00.040 flag=6
4 decode_obsdata: ver=3.02
4 decode_obsdata: unsupported sat sat=D05
4 decode_obsepoch: ver=3.02
4 decode_obsh: ver=3.02
4 decode_obsh: ver=3.02
4 decode_obsh: ver=3.02
4 decode_obsh: ver=3.02
4 decode_obsh: ver=3.02
4 decode_obsh: ver=3.02
4 decode_obsh: ver=3.02
4 decode_obsh: ver=3.02
4 decode_obsh: ver=3.02
4 decode_obsepoch: ver=3.02
4 decode_obsh: ver=3.02
4 decode_obsh: ver=3.02
4 decode_obsh: ver=3.02
4 decode_obsh: ver=3.02
4 decode_obsh: ver=3.02
4 decode_obsh: ver=3.02
4 decode_obsh: ver=3.02
4 decode_obsh: ver=3.02
4 decode_obsepoch: ver=3.02
2 rinex obs invalid epoch: epoch=D1348    10597443.959    5568
4 decode_obsepoch: ver=3.02
4 decode_obsepoch: ver=3.02
4 decode_obsepoch: time=2019/01/10 10:12:00.040 flag=7
4 decode_obsepoch: ver=3.02
2 rinex obs invalid epoch: epoch=D0815    11313209.705    5945
4 decode_obsepoch: ver=3.02
2 rinex obs invalid epoch: epoch=D0948     9083091.694    4773
4 decode_obsepoch: ver=3.02
4 decode_obsepoch: ver=3.02
2 rinex obs invalid epoch: epoch=D1642     9204322.092    4836
4 decode_obsepoch: ver=3.02
2 rinex obs invalid epoch: epoch=D1709    12312547.593    6470
4 decode_obsepoch: ver=3.02
4 decode_obsepoch: time=2019/01/10 10:13:00.040 flag=0
4 decode_obsdata: ver=3.02
4 decode_obsdata: unsupported sat sat=D05
4 decode_obsdata: ver=3.02
4 decode_obsdata: unsupported sat sat=D07
4 decode_obsdata: ver=3.02
4 decode_obsdata: unsupported sat sat=D08
4 decode_obsdata: ver=3.02
4 decode_obsdata: unsupported sat sat=D09
4 decode_obsdata: ver=3.02
4 decode_obsdata: unsupported sat sat=D13
4 decode_obsdata: ver=3.02
4 decode_obsdata: unsupported sat sat=D16
4 decode_obsepoch: ver=3.02
4 decode_obsh: ver=3.02
4 decode_obsh: ver=3.02
4 decode_obsh: ver=3.02
4 decode_obsh: ver=3.02
4 decode_obsh: ver=3.02
4 decode_obsh: ver=3.02
4 decode_obsh: ver=3.02
4 decode_obsh: ver=3.02
4 decode_obsh: ver=3.02
4 decode_obsepoch: ver=3.02
2 rinex obs invalid epoch: epoch=D0524    11898380.025    6252
4 decode_obsepoch: ver=3.02
2 rinex obs invalid epoch: epoch=D0717     9687786.703    5090
4 decode_obsepoch: ver=3.02
2 rinex obs invalid epoch: epoch=D0815    11324175.383    5950
4 decode_obsepoch: ver=3.02
2 rinex obs invalid epoch: epoch=D0948     9098424.938    4781
4 decode_obsepoch: ver=3.02
4 decode_obsh: ver=3.02
4 decode_obsh: ver=3.02
4 decode_obsh: ver=3.02
4 decode_obsh: ver=3.02
4 decode_obsh: ver=3.02
4 decode_obsh: ver=3.02
4 decode_obsh: ver=3.02
4 decode_obsepoch: ver=3.02
2 rinex obs invalid epoch: epoch=D1348    10618446.507    5580
4 decode_obsepoch: ver=3.02
2 rinex obs invalid epoch: epoch=D1642     9224503.431    4847
4 decode_obsepoch: ver=3.02
4 decode_obsepoch: ver=3.02
4 decode_obsh: ver=3.02
4 decode_obsh: ver=3.02
4 decode_obsh: ver=3.02
4 decode_obsepoch: ver=3.02
4 decode_obsepoch: ver=3.02
2 rinex obs invalid epoch: epoch=D1642     9229543.709    4850
4 decode_obsepoch: ver=3.02
2 rinex obs invalid epoch: epoch=D1709    12325462.848    6477
4 decode_obsepoch: ver=3.02
4 decode_obsepoch: time=2019/01/10 10:18:00.040 flag=6
4 decode_obsdata: ver=3.02
4 decode_obsdata: unsupported sat sat=D05
4 decode_obsdata: ver=3.02
4 decode_obsdata: unsupported sat sat=D07
4 decode_obsdata: ver=3.02
4 decode_obsdata: unsupported sat sat=D08
4 decode_obsepoch: ver=3.02
2 rinex obs invalid epoch: epoch=D0948     9113736.477    4789
4 decode_obsepoch: ver=3.02
4 decode_obsh: ver=3.02
4 decode_obsepoch: ver=3.02
4 decode_obsh: ver=3.02
4 decode_obsh: ver=3.02
4 decode_obsh: ver=3.02
4 decode_obsh: ver=3.02
4 decode_obsepoch: ver=3.02
2 rinex obs invalid epoch: epoch=D0948     9118834.901    4791
4 decode_obsepoch: ver=3.02
4 decode_obsh: ver=3.02
4 decode_obsh: ver=3.02
4 decode_obsh: ver=3.02
4 decode_obsh: ver=3.02
4 decode_obsh: ver=3.02
4 decode_obsepoch: ver=3.02
4 decode_obsepoch: ver=3.02
2 rinex obs invalid epoch: epoch=D0717     9716509.964    5106
4 decode_obsepoch: ver=3.02
2 rinex obs invalid epoch: epoch=D0815    11346024.520    5962
4 decode_obsepoch: ver=3.02
2 rinex obs invalid epoch: epoch=D0948     9129027.268    4797
4 decode_obsepoch: ver=3.02
2 rinex obs invalid epoch: epoch=D1348    10639377.893    5591
4 decode_obsepoch: ver=3.02
2 rinex obs invalid epoch: epoch=D1642     9249681.206    4860
4 decode_obsepoch: ver=3.02
2 rinex obs invalid epoch: epoch=D1709    12335733.261    6482
4 decode_obsepoch: ver=3.02
4 decode_obsepoch: time=2019/01/10 10:22:00.040 flag=6
4 decode_obsdata: ver=3.02
4 decode_obsdata: unsupported sat sat=D05
4 decode_obsdata: ver=3.02
4 decode_obsdata: unsupported sat sat=D07
4 decode_obsdata: ver=3.02
4 decode_obsdata: unsupported sat sat=D08
4 decode_obsdata: ver=3.02
4 decode_obsdata: unsupported sat sat=D09
4 decode_obsdata: ver=3.02
4 decode_obsdata: unsupported sat sat=D13
4 decode_obsdata: ver=3.02
4 decode_obsdata: unsupported sat sat=D16
4 decode_obsdata: ver=3.02
4 decode_obsdata: unsupported sat sat=D17
4 decode_obsepoch: ver=3.02
4 decode_obsepoch: time=2019/01/10 10:23:00.040 flag=9
4 decode_obsepoch: ver=3.02
2 rinex obs invalid epoch: epoch=D0717     9726061.614    5111
4 decode_obsepoch: ver=3.02
2 rinex obs invalid epoch: epoch=D0815    11353284.420    5966
4 decode_obsepoch: ver=3.02
4 decode_obsepoch: ver=3.02
2 rinex obs invalid epoch: epoch=D1348    10647730.930    5595
4 decode_obsepoch: ver=3.02
2 rinex obs invalid epoch: epoch=D1642     9259732.653    4866
4 decode_obsepoch: ver=3.02
4 decode_obsepoch: ver=3.02
4 decode_obsepoch: time=2019/01/10 10:24:00.040 flag=1
4 decode_obsdata: ver=3.02
4 decode_obsdata: unsupported sat sat=D05
4 decode_obsdata: ver=3.02
4 decode_obsdata: unsupported sat sat=D07
4 decode_obsdata: ver=3.02
4 decode_obsdata: unsupported sat sat=D08
4 decode_obsdata: ver=3.02
4 decode_obsdata: unsupported sat sat=D09
4 decode_obsepoch: ver=3.02
2 rinex obs invalid epoch: epoch=D1348    10651900.815    5597
4 decode_obsepoch: ver=3.02
2 rinex obs invalid epoch: epoch=D1642     9264753.518    4868
4 decode_obsepoch: ver=3.02
2 rinex obs invalid epoch: epoch=D1709    12343403.604    6486
4 decode_obsepoch: ver=3.02
4 decode_obsh: ver=3.02
4 decode_obsh: ver=3.02
4 decode_obsh: ver=3.02
4 decode_obsh: ver=3.02
4 decode_obsh: ver=3.02
4 decode_obsh: ver=3.02
4 decode_obsepoch: ver=3.02
4 decode_obsepoch: ver=3.02
4 decode_obsepoch: ver=3.02
2 rinex obs invalid epoch: epoch=D1709    12348499.804    6489
4 decode_obsepoch: ver=3.02
4 decode_obsepoch: time=2019/01/10 10:27:00.040 flag=7
4 decode_obsepoch: ver=3.02
4 decode_obsepoch: ver=3.02
4 decode_obsh: ver=3.02
4 decode_obsh: ver=3.02
4 decode_obsh: ver=3.02
4 decode_obsh: ver=3.02
4 decode_obsh: ver=3.02
4 decode_obsepoch: ver=3.02
2 rinex obs invalid epoch: epoch=D1348    10668556.337    5606
4 decode_obsepoch: ver=3.02
2 rinex obs invalid epoch: epoch=D1642     9284818.783    4879
4 decode_obsepoch: ver=3.02
2 rinex obs invalid epoch: epoch=D1709    12353578.986    6491
4 decode_obsepoch: ver=3.02
4 decode_obsepoch: ver=3.02
4 decode_obsh: ver=3.02
4 decode_obsepoch: ver=3.02
2 rinex obs invalid epoch: epoch=D0815    11374981.401    5977
4 decode_obsepoch: ver=3.02
2 rinex obs invalid epoch: epoch=D0948     9169685.351    4818
4 decode_obsepoch: ver=3.02
2 rinex obs invalid epoch: epoch=D1348    10672713.159    5608
4 decode_obsepoch: ver=3.02
2 rinex obs invalid epoch: epoch=D1642     9289827.809    4881
4 decode_obsepoch: ver=3.02
2 rinex obs invalid epoch: epoch=D1709    12356116.849    6493
4 decode_obsepoch: ver=3.02
4 decode_obsepoch: time=2019/01/10 10:30:00.040 flag=2
4 decode_obsdata: ver=3.02
4 decode_obsdata: unsupported sat sat=D05
4 decode_obsdata: ver=3.02
4 decode_obsdata: unsupported sat sat=D07
4 decode_obsdata: ver=3.02
4 decode_obsdata: unsupported sat sat=D08
4 decode_obsdata: ver=3.02
4 decode_obsdata: unsupported sat sat=D09
4 decode_obsdata: ver=3.02
4 decode_obsdata: unsupported sat sat=D13
4 decode_obsepoch: ver=3.02
4 decode_obsh: ver=3.02
4 decode_obsepoch: ver=3.02
4 decode_obsh: ver=3.02
4 decode_obsh: ver=3.02
4 decode_obsh: ver=3.02
4 decode_obsh: ver=3.02
4 decode_obsh: ver=3.02
4 decode_obsh: ver=3.02
4 decode_obsh: ver=3.02
4 decode_obsh: ver=3.02
4 decode_obsh: ver=3.02
4 decode_obsepoch: ver=3.02
2 rinex obs invalid epoch: epoch=D0717     9768913.998    5133
4 decode_obsepoch: ver=3.02
2 rinex obs invalid epoch: epoch=D0815    11385788.068    5983
4 decode_obsepoch: ver=3.02
2 rinex obs invalid epoch: epoch=D0948     9184891.050    4826
4 decode_obsepoch: ver=3.02
2 rinex obs invalid epoch: epoch=D1348    10685161.534    5615
4 decode_obsepoch: ver=3.02
2 rinex obs invalid epoch: epoch=D1642     9304838.331    4889
4 decode_obsepoch: ver=3.02
4 decode_obsepoch: ver=3.02
2 rinex obs invalid epoch: epoch=D1642     9309836.720    4892
4 decode_obsepoch: ver=3.02
2 rinex obs invalid epoch: epoch=D1709    12366220.319    6498
4 decode_obsepoch: ver=3.02
4 decode_obsepoch: time=2019/01/10 10:34:00.040 flag=7
4 decode_obsepoch: ver=3.02
2 rinex obs invalid epoch: epoch=D0524    11959583.961    6284
4 decode_obsepoch: ver=3.02
2 rinex obs invalid epoch: epoch=D0717     9783147.425    5141
4 decode_obsepoch: ver=3.02
2 rinex obs invalid epoch: epoch=D0815    11396566.398    5988
4 decode_obsepoch: ver=3.02
2 rinex obs invalid epoch: epoch=D0948     9200072.692    4834
4 decode_obsepoch: ver=3.02
2 rinex obs invalid epoch: epoch=D1348    10697590.623    5621
4 decode_obsepoch: ver=3.02
2 rinex obs invalid epoch: epoch=D1642     9319827.687    4897
4 decode_obsepoch: ver=3.02
4 decode_obsepoch: ver=3.02
2 rinex obs invalid epoch: epoch=D0717     9787889.197    5143
4 decode_obsepoch: ver=3.02
2 rinex obs invalid epoch: epoch=D0815    11400150.702    5990
4 decode_obsepoch: ver=3.02
4 decode_obsepoch: ver=3.02
2 rinex obs invalid epoch: epoch=D1348    10701722.908    5623
4 decode_obsepoch: ver=3.02
2 rinex obs invalid epoch: epoch=D1642     9324820.337    4900
4 decode_obsepoch: ver=3.02
2 rinex obs invalid epoch: epoch=D1709    12373764.410    6502
4 decode_obsepoch: ver=3.02
4 decode_obsepoch: time=2019/01/10 10:37:00.040 flag=0
4 decode_obsdata: ver=3.02
4 decode_obsdata: unsupported sat sat=D05
4 decode_obsdata: ver=3.02
4 decode_obsdata: unsupported sat sat=D07
4 decode_obsdata: ver=3.02
4 decode_obsdata: unsupported sat sat=D08
4 decode_obsdata: ver=3.02
4 decode_obsdata: unsupported sat sat=D09
4 decode_obsdata: ver=3.02
4 decode_obsdata: unsupported sat sat=D13
4 decode_obsepoch: ver=3.02
4 decode_obsepoch: ver=3.02
2 rinex obs invalid epoch: epoch=D1709    12376274.022    6503
4 decode_obsepoch: ver=3.02
4 decode_obsepoch: time=2019/01/10 10:38:00.040 flag=1
4 decode_obsdata: ver=3.02
4 decode_obsdata: unsupported sat sat=D05
4 decode_obsepoch: ver=3.02
4 decode_obsh: ver=3.02
4 decode_obsepoch: ver=3.02
4 decode_obsh: ver=3.02
4 decode_obsh: ver=3.02
4 decode_obsh: ver=3.02
4 decode_obsh: ver=3.02
4 decode_obsh: ver=3.02
4 decode_obsh: ver=3.02
4 decode_obsh: ver=3.02
4 decode_obsepoch: ver=3.02
2 rinex obs invalid epoch: epoch=D0948     9220282.211    4845
4 decode_obsepoch: ver=3.02
4 decode_obsepoch: ver=3.02
2 rinex obs invalid epoch: epoch=D1642     9339774.855    4908
4 decode_obsepoch: ver=3.02
4 decode_obsh: ver=3.02
4 decode_obsh: ver=3.02
4 decode_obsh: ver=3.02
4 decode_obsh: ver=3.02
4 decode_obsh: ver=3.02
4 decode_obsh: ver=3.02
4 decode_obsh: ver=3.02
4 decode_obsh: ver=3.02
4 decode_obsh: ver=3.02
4 decode_obsepoch: ver=3.02
2 rinex obs invalid epoch: epoch=D0524    11977683.025    6294
4 decode_obsepoch: ver=3.02
2 rinex obs invalid epoch: epoch=D0717     9811545.632    5155
4 decode_obsepoch: ver=3.02
4 decode_obsh: ver=3.02
4 decode_obsh: ver=3.02
4 decode_obsh: ver=3.02
4 decode_obsh: ver=3.02
4 decode_obsh: ver=3.02
4 decode_obsh: ver=3.02
4 decode_obsh: ver=3.02
4 decode_obsepoch: ver=3.02
2 rinex obs invalid epoch: epoch=D0815    11421599.275    6002
4 decode_obsepoch: ver=3.02
2 rinex obs invalid epoch: epoch=D0948     9235411.285    4853
4 decode_obsepoch: ver=3.02
4 decode_obsepoch: ver=3.02
2 rinex obs invalid epoch: epoch=D1642     9354710.841    4915
4 decode_obsepoch: ver=3.02
4 decode_obsh: ver=3.02
4 decode_obsepoch: ver=3.02
2 rinex obs invalid epoch: epoch=D0524    11983688.368    6297
4 decode_obsepoch: ver=3.02
2 rinex obs invalid epoch: epoch=D0717     9820989.711    5160
4 decode_obsepoch: ver=3.02
2 rinex obs invalid epoch: epoch=D0815    11425166.572    6003
4 decode_obsepoch: ver=3.02
4 decode_obsh: ver=3.02
4 decode_obsepoch: ver=3.02
2 rinex obs invalid epoch: epoch=D1642     9359684.499    4918
4 decode_obsepoch: ver=3.02
2 rinex obs invalid epoch: epoch=D1709    12391249.771    6511
4 decode_obsepoch: ver=3.02
4 decode_obsepoch: time=2019/01/10 10:44:00.040 flag=2
4 decode_obsdata: ver=3.02
4 decode_obsdata: unsupported sat sat=D05
4 decode_obsdata: ver=3.02
4 decode_obsdata: unsupported sat sat=D07
4 decode_obsdata: ver=3.02
4 decode_obsdata: unsupported sat sat=D08
4 decode_obsdata: ver=3.02
4 decode_obsdata: unsupported sat sat=D09
4 decode_obsdata: ver=3.02
4 decode_obsdata: unsupported sat sat=D13
4 decode_obsdata: ver=3.02
4 decode_obsdata: unsupported sat sat=D16
4 decode_obsdata: ver=3.02
4 decode_obsdata: unsupported sat sat=D17
4 decode_obsdata: ver=3.02
4 decode_obsdata: unsupported sat sat=> 2
4 decode_obsdata: ver=3.02
4 decode_obsdata: unsupported sat sat=D05
4 decode_obsepoch: ver=3.02
2 rinex obs invalid epoch: epoch=D0717     9830420.040    5165
4 decode_obsepoch: ver=3.02
2 rinex obs invalid epoch: epoch=D0815    11432280.827    6007
4 decode_obsepoch: ver=3.02
4 decode_obsepoch: ver=3.02
4 decode_obsh: ver=3.02
4 decode_obsh: ver=3.02
4 decode_obsepoch: ver=3.02
2 rinex obs invalid epoch: epoch=D1348    10742917.950    5645
4 decode_obsepoch: ver=3.02
4 decode_obsepoch: ver=3.02
2 rinex obs invalid epoch: epoch=D1709    12398690.647    6515
4 decode_obsepoch: ver=3.02
4 decode_obsepoch: time=2019/01/10 10:47:00.040 flag=2
4 decode_obsdata: ver=3.02
4 decode_obsdata: unsupported sat sat=D05
4 decode_obsdata: ver=3.02
4 decode_obsdata: unsupported sat sat=D07
4 decode_obsdata: ver=3.02
4 decode_obsdata: unsupported sat sat=D08
4 decode_obsepoch: ver=3.02
4 decode_obsepoch: ver=3.02
4 decode_obsh: ver=3.02
4 decode_obsh: ver=3.02
4 decode_obsh: ver=3.02
4 decode_obsh: ver=3.02
4 decode_obsh: ver=3.02
4 decode_obsh: ver=3.02
4 decode_obsepoch: ver=3.02
4 decode_obsepoch: ver=3.02
4 decode_obsepoch: ver=3.02
2 rinex obs invalid epoch: epoch=D1642     9384507.870    4931
4 decode_obsepoch: ver=3.02
2 rinex obs invalid epoch: epoch=D1709    12403632.991    6518
4 decode_obsepoch: ver=3.02
4 decode_obsepoch: time=2019/01/10 10:49:00.040 flag=1
4 decode_obsdata: ver=3.02
4 decode_obsdata: unsupported sat sat=D05
4 decode_obsdata: ver=3.02
4 decode_obsdata: unsupported sat sat=D07
4 decode_obsdata: ver=3.02
4 decode_obsdata: unsupported sat sat=D08
4 decode_obsepoch: ver=3.02
2 rinex obs invalid epoch: epoch=D0948     9270620.760    4871
4 decode_obsepoch: ver=3.02
2 rinex obs invalid epoch: epoch=D1348    10755220.683    5651
4 decode_obsepoch: ver=3.02
4 decode_obsh: ver=3.02
4 decode_obsh: ver=3.02
4 decode_obsh: ver=3.02
4 decode_obsh: ver=3.02
4 decode_obsh: ver=3.02
4 decode_obsh: ver=3.02
4 decode_obsh: ver=3.02
4 decode_obsh: ver=3.02
4 decode_obsh: ver=3.02
4 decode_obsepoch: ver=3.02
4 decode_obsepoch: time=2019/01/10 10:51:00.040 flag=9
4 decode_obsepoch: ver=3.02
2 rinex obs invalid epoch: epoch=D0524    12010555.966    6311
4 decode_obsepoch: ver=3.02
2 rinex obs invalid epoch: epoch=D0717     9863345.157    5183
4 decode_obsepoch: ver=3.02
2 rinex obs invalid epoch: epoch=D0815    11457091.277    6020
4 decode_obsepoch: ver=3.02
2 rinex obs invalid epoch: epoch=D0948     9285670.152    4879
4 decode_obsepoch: ver=3.02
2 rinex obs invalid epoch: epoch=D1348    10767490.182    5658
4 decode_obsepoch: ver=3.02
2 rinex obs invalid epoch: epoch=D1642     9404320.898    4942
4 decode_obsepoch: ver=3.02
4 decode_obsh: ver=3.02
4 decode_obsh: ver=3.02
4 decode_obsepoch: ver=3.02
2 rinex obs invalid epoch: epoch=D0717     9868040.069    5185
4 decode_obsepoch: ver=3.02
2 rinex obs invalid epoch: epoch=D0815    11460623.504    6022
4 decode_obsepoch: ver=3.02
4 decode_obsepoch: ver=3.02
4 decode_obsh: ver=3.02
4 decode_obsh: ver=3.02
4 decode_obsh: ver=3.02
4 decode_obsh: ver=3.02
4 decode_obsh: ver=3.02
4 decode_obsh: ver=3.02
4 decode_obsepoch: ver=3.02
4 decode_obsepoch: ver=3.02
2 rinex obs invalid epoch: epoch=D1709    12418377.846    6525
4 decode_obsepoch: ver=3.02
4 decode_obsepoch: ver=3.02
4 decode_obsh: ver=3.02
4 decode_obsh: ver=3.02
4 decode_obsh: ver=3.02
4 decode_obsh: ver=3.02
4 decode_obsepoch: ver=3.02
2 rinex obs invalid epoch: epoch=D1348    10783812.665    5666
4 decode_obsepoch: ver=3.02
2 rinex obs invalid epoch: epoch=D1642     9424094.914    4952
4 decode_obsepoch: ver=3.02
2 rinex obs invalid epoch: epoch=D1709    12423267.771    6528
4 decode_obsepoch: ver=3.02
4 decode_obsepoch: time=2019/01/10 10:57:00.040 flag=2
4 decode_obsdata: ver=3.02
4 decode_obsdata: unsupported sat sat=D05
4 decode_obsdata: ver=3.02
4 decode_obsdata: unsupported sat sat=D07
4 decode_obsdata: ver=3.02
4 decode_obsdata: unsupported sat sat=D08
4 decode_obsdata: ver=3.02
4 decode_obsdata: unsupported sat sat=D09
4 decode_obsdata: ver=3.02
4 decode_obsdata: unsupported sat sat=D13
4 decode_obsdata: ver=3.02
4 decode_obsdata: unsupported sat sat=D16
4 decode_obsdata: ver=3.02
4 decode_obsdata: unsupported sat sat=D17
4 decode_obsdata: ver=3.02
4 decode_obsdata: unsupported sat sat=> 2
4 decode_obsepoch: ver=3.02
2 rinex obs invalid epoch: epoch=D0524    12028314.675    6320
4 decode_obsepoch: ver=3.02
4 decode_obsh: ver=3.02
4 decode_obsh: ver=3.02
4 decode_obsh: ver=3.02
4 decode_obsh: ver=3.02
4 decode_obsh: ver=3.02
4 decode_obsh: ver=3.02
4 decode_obsh: ver=3.02
4 decode_obsepoch: ver=3.02
2 rinex obs invalid epoch: epoch=D0717     9896136.922    5200
4 decode_obsepoch: ver=3.02
2 rinex obs invalid epoch: epoch=D0815    11481748.088    6033
4 decode_obsepoch: ver=3.02
2 rinex obs invalid epoch: epoch=D0948     9320701.057    4898
4 decode_obsepoch: ver=3.02
4 decode_obsepoch: ver=3.02
2 rinex obs invalid epoch: epoch=D1642     9438893.670    4960
4 decode_obsepoch: ver=3.02
2 rinex obs invalid epoch: epoch=D1709    12430575.220    6532
4 decode_obsepoch: ver=3.02
4 decode_obsepoch: time=2019/01/10 11:00:00.040 flag=7
4 decode_obsepoch: ver=3.02
2 rinex obs invalid epoch: epoch=D0717     9905479.949    5205
4 decode_obsepoch: ver=3.02
2 rinex obs invalid epoch: epoch=D0815    11488762.263    6037
4 decode_obsepoch: ver=3.02
4 decode_obsepoch: ver=3.02
4 decode_obsepoch: ver=3.02
4 decode_obsh: ver=3.02
4 decode_obsh: ver=3.02
4 decode_obsh: ver=3.02
4 decode_obsh: ver=3.02
4 decode_obsh: ver=3.02
4 decode_obsh: ver=3.02
4 decode_obsh: ver=3.02
4 decode_obsh: ver=3.02
4 decode_obsh: ver=3.02
4 decode_obsepoch: ver=3.02
2 rinex obs invalid epoch: epoch=D0948     9340657.811    4908
4 decode_obsepoch: ver=3.02
2 rinex obs invalid epoch: epoch=D1348    10812258.993    5681
4 decode_obsepoch: ver=3.02
2 rinex obs invalid epoch: epoch=D1642     9458591.633    4970
4 decode_obsepoch: ver=3.02
2 rinex obs invalid epoch: epoch=D1709    12440267.038    6537
4 readrnxobs: nobs=0 stat=0
3 readpephs: file=D:\mycode\vscode\rtklib\rtklib\leo_data\leo.sp3
3 expath  : path=D:\mycode\vscode\rtklib\rtklib\leo_data\leo.sp3 nmax=1024
3 readsp3h:
3 readsp3b: type=P ns=8 index=0 opt=0
2 sp3 invalid epoch PG08  -1763.460724  -6399.28978
2 sp3 invalid epoch PG09  -6211.676534   1370.96241
2 sp3 invalid epoch PG10  -2208.183140  -5855.17805
2 sp3 invalid epoch PG11  -6422.788037   1713.43304
2 sp3 invalid epoch PG12  -5947.052660     93.06115
2 sp3 invalid epoch PG13  -6445.521112   1533.01986
2 sp3 invalid epoch PG14  -1575.823956  -6670.11617
2 sp3 invalid epoch PG15  -4556.135952  -1791.96497
3 combpeph: ne=299
4 combpeph: ne=299
3 searchpcv: sat= 1 type=
3 no satellite antenna pcv: G01
3 searchpcv: sat= 2 type=
3 no satellite antenna pcv: G02
3 searchpcv: sat= 3 type=
3 no satellite antenna pcv: G03
3 searchpcv: sat= 4 type=
3 no satellite antenna pcv: G04
3 searchpcv: sat= 5 type=
3 no satellite antenna pcv: G05
3 searchpcv: sat= 6 type=
3 no satellite antenna pcv: G06
3 searchpcv: sat= 7 type=
3 no satellite antenna pcv: G07
3 searchpcv: sat= 8 type=
3 no satellite antenna pcv: G08
3 searchpcv: sat= 9 type=
3 no satellite antenna pcv: G09
3 searchpcv: sat=10 type=
3 no satellite antenna pcv: G10
3 searchpcv: sat=11 type=
3 no satellite antenna pcv: G11
3 searchpcv: sat=12 type=
3 no satellite antenna pcv: G12
3 searchpcv: sat=13 type=
3 no satellite antenna pcv: G13
3 searchpcv: sat=14 type=
3 no satellite antenna pcv: G14
3 searchpcv: sat=15 type=
3 no satellite antenna pcv: G15
3 searchpcv: sat=16 type=
3 no satellite antenna pcv: G16
3 searchpcv: sat=17 type=
3 no satellite antenna pcv: G17
3 searchpcv: sat=18 type=
3 no satellite antenna pcv: G18
3 searchpcv: sat=19 type=
3 no satellite antenna pcv: G19
3 searchpcv: sat=20 type=
3 no satellite antenna pcv: G20
3 searchpcv: sat=21 type=
3 no satellite antenna pcv: G21
3 searchpcv: sat=22 type=
3 no satellite antenna pcv: G22
3 searchpcv: sat=23 type=
3 no satellite antenna pcv: G23
3 searchpcv: sat=24 type=
3 no satellite antenna pcv: G24
3 searchpcv: sat=25 type=
3 no satellite antenna pcv: G25
3 searchpcv: sat=26 type=
3 no satellite antenna pcv: G26
3 searchpcv: sat=27 type=
3 no satellite antenna pcv: G27
3 searchpcv: sat=28 type=
3 no satellite antenna pcv: G28
3 searchpcv: sat=29 type=
3 no satellite antenna pcv: G29
3 searchpcv: sat=30 type=
3 no satellite antenna pcv: G30
3 searchpcv: sat=31 type=
3 no satellite antenna pcv: G31
3 searchpcv: sat=32 type=
3 no satellite antenna pcv: G32
3 searchpcv: sat= 0 type=
2 no receiver antenna pcv: 
3 rtkclosestat:
3 rtkopenstat: file=ppp_leo011.pos.stat level=2
3 outhead: outfile=ppp_leo011.pos n=3
3     5.964: createdir: path=ppp_leo011.pos
3 outheader: n=3
3 openfile: outfile=ppp_leo011.pos
3 rtkinit :
3 infunc  : revs=0 iobsu=0 iobsr=0 isbs=0
3 rtkfree :
