d:\vscode\rtklib-v1\rtklib-v1\debug\vc142.pdb
d:\vscode\rtklib-v1\rtklib-v1\debug\vc142.idb
d:\vscode\rtklib-v1\rtklib-v1\debug\crescent.obj
d:\vscode\rtklib-v1\rtklib-v1\debug\binex.obj
d:\vscode\rtklib-v1\rtklib-v1\debug\rcvraw.obj
d:\vscode\rtklib-v1\rtklib-v1\debug\preceph.obj
d:\vscode\rtklib-v1\rtklib-v1\debug\ppp_ar.obj
d:\vscode\rtklib-v1\rtklib-v1\debug\ppp.obj
d:\vscode\rtklib-v1\rtklib-v1\debug\postpos.obj
d:\vscode\rtklib-v1\rtklib-v1\debug\pntpos.obj
d:\vscode\rtklib-v1\rtklib-v1\debug\options.obj
d:\vscode\rtklib-v1\rtklib-v1\debug\lambda.obj
d:\vscode\rtklib-v1\rtklib-v1\debug\ionex.obj
d:\vscode\rtklib-v1\rtklib-v1\debug\gis.obj
d:\vscode\rtklib-v1\rtklib-v1\debug\geoid.obj
d:\vscode\rtklib-v1\rtklib-v1\debug\ephemeris.obj
d:\vscode\rtklib-v1\rtklib-v1\debug\download.obj
d:\vscode\rtklib-v1\rtklib-v1\debug\datum.obj
d:\vscode\rtklib-v1\rtklib-v1\debug\convrnx.obj
d:\vscode\rtklib-v1\rtklib-v1\debug\convkml.obj
d:\vscode\rtklib-v1\rtklib-v1\debug\convgpx.obj
d:\vscode\rtklib-v1\rtklib-v1\debug\main.obj
d:\vscode\rtklib-v1\rtklib-v1\debug\streamsvr.obj
d:\vscode\rtklib-v1\rtklib-v1\debug\stream.obj
d:\vscode\rtklib-v1\rtklib-v1\debug\solution.obj
d:\vscode\rtklib-v1\rtklib-v1\debug\sbas.obj
d:\vscode\rtklib-v1\rtklib-v1\debug\rtksvr.obj
d:\vscode\rtklib-v1\rtklib-v1\debug\rtkpos.obj
d:\vscode\rtklib-v1\rtklib-v1\debug\rtkcmn.obj
d:\vscode\rtklib-v1\rtklib-v1\debug\rtcm3e.obj
d:\vscode\rtklib-v1\rtklib-v1\debug\rtcm3.obj
d:\vscode\rtklib-v1\rtklib-v1\debug\rtcm2.obj
d:\vscode\rtklib-v1\rtklib-v1\debug\rtcm.obj
d:\vscode\rtklib-v1\rtklib-v1\debug\rinex.obj
d:\vscode\rtklib-v1\rtklib-v1\debug\ublox.obj
d:\vscode\rtklib-v1\rtklib-v1\debug\ss2.obj
d:\vscode\rtklib-v1\rtklib-v1\debug\skytraq.obj
d:\vscode\rtklib-v1\rtklib-v1\debug\septentrio.obj
d:\vscode\rtklib-v1\rtklib-v1\debug\rt17.obj
d:\vscode\rtklib-v1\rtklib-v1\debug\nvs.obj
d:\vscode\rtklib-v1\rtklib-v1\debug\novatel.obj
d:\vscode\rtklib-v1\rtklib-v1\debug\javad.obj
d:\vscode\rtklib-v1\rtklib-v1\debug\tle.obj
d:\vscode\rtklib-v1\rtklib-v1\debug\tides.obj
d:\vscode\rtklib-v1\debug\rtklib-v1.pdb
d:\vscode\rtklib-v1\rtklib-v1\debug\rtklib-v1.tlog\cl.command.1.tlog
d:\vscode\rtklib-v1\rtklib-v1\debug\rtklib-v1.tlog\cl.read.1.tlog
d:\vscode\rtklib-v1\rtklib-v1\debug\rtklib-v1.tlog\cl.write.1.tlog
d:\vscode\rtklib-v1\rtklib-v1\debug\rtklib-v1.tlog\link-cvtres.read.1.tlog
d:\vscode\rtklib-v1\rtklib-v1\debug\rtklib-v1.tlog\link-cvtres.write.1.tlog
d:\vscode\rtklib-v1\rtklib-v1\debug\rtklib-v1.tlog\link-rc.read.1.tlog
d:\vscode\rtklib-v1\rtklib-v1\debug\rtklib-v1.tlog\link-rc.write.1.tlog
d:\vscode\rtklib-v1\rtklib-v1\debug\rtklib-v1.tlog\link.command.1.tlog
d:\vscode\rtklib-v1\rtklib-v1\debug\rtklib-v1.tlog\link.read.1.tlog
d:\vscode\rtklib-v1\rtklib-v1\debug\rtklib-v1.tlog\link.write.1.tlog
