d:\mycode\vscode\rtklib-v2\rtklib-v2\debug\vc141.pdb
d:\mycode\vscode\rtklib-v2\rtklib-v2\debug\vc141.idb
d:\mycode\vscode\rtklib-v2\rtklib-v2\debug\gw10.obj
d:\mycode\vscode\rtklib-v2\rtklib-v2\debug\crescent.obj
d:\mycode\vscode\rtklib-v2\rtklib-v2\debug\binex.obj
d:\mycode\vscode\rtklib-v2\rtklib-v2\debug\rcvraw.obj
d:\mycode\vscode\rtklib-v2\rtklib-v2\debug\qzslex.obj
d:\mycode\vscode\rtklib-v2\rtklib-v2\debug\preceph.obj
d:\mycode\vscode\rtklib-v2\rtklib-v2\debug\ppp_ar.obj
d:\mycode\vscode\rtklib-v2\rtklib-v2\debug\ppp.obj
d:\mycode\vscode\rtklib-v2\rtklib-v2\debug\postpos.obj
d:\mycode\vscode\rtklib-v2\rtklib-v2\debug\pntpos.obj
d:\mycode\vscode\rtklib-v2\rtklib-v2\debug\options.obj
d:\mycode\vscode\rtklib-v2\rtklib-v2\debug\lambda.obj
d:\mycode\vscode\rtklib-v2\rtklib-v2\debug\ionex.obj
d:\mycode\vscode\rtklib-v2\rtklib-v2\debug\geoid.obj
d:\mycode\vscode\rtklib-v2\rtklib-v2\debug\ephemeris.obj
d:\mycode\vscode\rtklib-v2\rtklib-v2\debug\download.obj
d:\mycode\vscode\rtklib-v2\rtklib-v2\debug\datum.obj
d:\mycode\vscode\rtklib-v2\rtklib-v2\debug\convrnx.obj
d:\mycode\vscode\rtklib-v2\rtklib-v2\debug\convkml.obj
d:\mycode\vscode\rtklib-v2\rtklib-v2\debug\main.obj
d:\mycode\vscode\rtklib-v2\rtklib-v2\debug\stream.obj
d:\mycode\vscode\rtklib-v2\rtklib-v2\debug\solution.obj
d:\mycode\vscode\rtklib-v2\rtklib-v2\debug\sbas.obj
d:\mycode\vscode\rtklib-v2\rtklib-v2\debug\rtksvr.obj
d:\mycode\vscode\rtklib-v2\rtklib-v2\debug\rtkpos.obj
d:\mycode\vscode\rtklib-v2\rtklib-v2\debug\rtkcmn.obj
d:\mycode\vscode\rtklib-v2\rtklib-v2\debug\rtcm3e.obj
d:\mycode\vscode\rtklib-v2\rtklib-v2\debug\rtcm3.obj
d:\mycode\vscode\rtklib-v2\rtklib-v2\debug\rtcm2.obj
d:\mycode\vscode\rtklib-v2\rtklib-v2\debug\rtcm.obj
d:\mycode\vscode\rtklib-v2\rtklib-v2\debug\rinex.obj
d:\mycode\vscode\rtklib-v2\rtklib-v2\debug\ublox.obj
d:\mycode\vscode\rtklib-v2\rtklib-v2\debug\ss2.obj
d:\mycode\vscode\rtklib-v2\rtklib-v2\debug\skytraq.obj
d:\mycode\vscode\rtklib-v2\rtklib-v2\debug\septentrio.obj
d:\mycode\vscode\rtklib-v2\rtklib-v2\debug\rt17.obj
d:\mycode\vscode\rtklib-v2\rtklib-v2\debug\rcvlex.obj
d:\mycode\vscode\rtklib-v2\rtklib-v2\debug\nvs.obj
d:\mycode\vscode\rtklib-v2\rtklib-v2\debug\novatel.obj
d:\mycode\vscode\rtklib-v2\rtklib-v2\debug\javad.obj
d:\mycode\vscode\rtklib-v2\rtklib-v2\debug\tle.obj
d:\mycode\vscode\rtklib-v2\rtklib-v2\debug\streamsvr.obj
d:\mycode\vscode\rtklib-v2\debug\rtklib-v2.exe
d:\mycode\vscode\rtklib-v2\debug\rtklib-v2.ilk
d:\mycode\vscode\rtklib-v2\debug\rtklib-v2.pdb
d:\mycode\vscode\rtklib-v2\rtklib-v2\debug\rtklib-v2.tlog\cl.command.1.tlog
d:\mycode\vscode\rtklib-v2\rtklib-v2\debug\rtklib-v2.tlog\cl.read.1.tlog
d:\mycode\vscode\rtklib-v2\rtklib-v2\debug\rtklib-v2.tlog\cl.write.1.tlog
d:\mycode\vscode\rtklib-v2\rtklib-v2\debug\rtklib-v2.tlog\link.command.1.tlog
d:\mycode\vscode\rtklib-v2\rtklib-v2\debug\rtklib-v2.tlog\link.read.1.tlog
d:\mycode\vscode\rtklib-v2\rtklib-v2\debug\rtklib-v2.tlog\link.write.1.tlog
